<?xml version="1.0" encoding="UTF-8"?>
<testsuite xmlns:xsi="http://www.w3.org/2001/XMLSchema-instance" xsi:noNamespaceSchemaLocation="https://maven.apache.org/surefire/maven-surefire-plugin/xsd/surefire-test-report-3.0.xsd" version="3.0" name="TestSuite" time="1.688" tests="5" errors="0" skipped="0" failures="5">
  <properties>
    <property name="java.specification.version" value="21"/>
    <property name="sun.jnu.encoding" value="UTF-8"/>
    <property name="java.class.path" value="/home/runner/workspace/target/test-classes:/home/runner/workspace/target/classes:/home/runner/.m2/repository/org/testng/testng/7.8.0/testng-7.8.0.jar:/home/runner/.m2/repository/org/slf4j/slf4j-api/1.7.36/slf4j-api-1.7.36.jar:/home/runner/.m2/repository/com/beust/jcommander/1.82/jcommander-1.82.jar:/home/runner/.m2/repository/org/webjars/jquery/3.6.1/jquery-3.6.1.jar:/home/runner/.m2/repository/org/seleniumhq/selenium/selenium-java/4.15.0/selenium-java-4.15.0.jar:/home/runner/.m2/repository/org/seleniumhq/selenium/selenium-api/4.15.0/selenium-api-4.15.0.jar:/home/runner/.m2/repository/org/seleniumhq/selenium/selenium-chrome-driver/4.15.0/selenium-chrome-driver-4.15.0.jar:/home/runner/.m2/repository/com/google/auto/service/auto-service-annotations/1.1.1/auto-service-annotations-1.1.1.jar:/home/runner/.m2/repository/org/seleniumhq/selenium/selenium-chromium-driver/4.15.0/selenium-chromium-driver-4.15.0.jar:/home/runner/.m2/repository/org/seleniumhq/selenium/selenium-json/4.15.0/selenium-json-4.15.0.jar:/home/runner/.m2/repository/org/seleniumhq/selenium/selenium-manager/4.15.0/selenium-manager-4.15.0.jar:/home/runner/.m2/repository/org/seleniumhq/selenium/selenium-devtools-v117/4.15.0/selenium-devtools-v117-4.15.0.jar:/home/runner/.m2/repository/org/seleniumhq/selenium/selenium-devtools-v118/4.15.0/selenium-devtools-v118-4.15.0.jar:/home/runner/.m2/repository/org/seleniumhq/selenium/selenium-devtools-v119/4.15.0/selenium-devtools-v119-4.15.0.jar:/home/runner/.m2/repository/org/seleniumhq/selenium/selenium-devtools-v85/4.15.0/selenium-devtools-v85-4.15.0.jar:/home/runner/.m2/repository/org/seleniumhq/selenium/selenium-edge-driver/4.15.0/selenium-edge-driver-4.15.0.jar:/home/runner/.m2/repository/org/seleniumhq/selenium/selenium-firefox-driver/4.15.0/selenium-firefox-driver-4.15.0.jar:/home/runner/.m2/repository/org/seleniumhq/selenium/selenium-http/4.15.0/selenium-http-4.15.0.jar:/home/runner/.m2/repository/dev/failsafe/failsafe/3.3.2/failsafe-3.3.2.jar:/home/runner/.m2/repository/org/seleniumhq/selenium/selenium-ie-driver/4.15.0/selenium-ie-driver-4.15.0.jar:/home/runner/.m2/repository/org/seleniumhq/selenium/selenium-remote-driver/4.15.0/selenium-remote-driver-4.15.0.jar:/home/runner/.m2/repository/io/opentelemetry/opentelemetry-api/1.28.0/opentelemetry-api-1.28.0.jar:/home/runner/.m2/repository/io/opentelemetry/opentelemetry-context/1.28.0/opentelemetry-context-1.28.0.jar:/home/runner/.m2/repository/io/opentelemetry/opentelemetry-exporter-logging/1.28.0/opentelemetry-exporter-logging-1.28.0.jar:/home/runner/.m2/repository/io/opentelemetry/opentelemetry-sdk-metrics/1.28.0/opentelemetry-sdk-metrics-1.28.0.jar:/home/runner/.m2/repository/io/opentelemetry/opentelemetry-extension-incubator/1.28.0-alpha/opentelemetry-extension-incubator-1.28.0-alpha.jar:/home/runner/.m2/repository/io/opentelemetry/opentelemetry-sdk-logs/1.28.0/opentelemetry-sdk-logs-1.28.0.jar:/home/runner/.m2/repository/io/opentelemetry/opentelemetry-sdk-common/1.28.0/opentelemetry-sdk-common-1.28.0.jar:/home/runner/.m2/repository/io/opentelemetry/opentelemetry-sdk-extension-autoconfigure-spi/1.28.0/opentelemetry-sdk-extension-autoconfigure-spi-1.28.0.jar:/home/runner/.m2/repository/io/opentelemetry/opentelemetry-sdk-extension-autoconfigure/1.28.0/opentelemetry-sdk-extension-autoconfigure-1.28.0.jar:/home/runner/.m2/repository/io/opentelemetry/opentelemetry-api-events/1.28.0-alpha/opentelemetry-api-events-1.28.0-alpha.jar:/home/runner/.m2/repository/io/opentelemetry/opentelemetry-sdk-trace/1.28.0/opentelemetry-sdk-trace-1.28.0.jar:/home/runner/.m2/repository/io/opentelemetry/opentelemetry-sdk/1.28.0/opentelemetry-sdk-1.28.0.jar:/home/runner/.m2/repository/io/opentelemetry/opentelemetry-semconv/1.28.0-alpha/opentelemetry-semconv-1.28.0-alpha.jar:/home/runner/.m2/repository/net/bytebuddy/byte-buddy/1.14.5/byte-buddy-1.14.5.jar:/home/runner/.m2/repository/org/seleniumhq/selenium/selenium-os/4.15.0/selenium-os-4.15.0.jar:/home/runner/.m2/repository/org/apache/commons/commons-exec/1.3/commons-exec-1.3.jar:/home/runner/.m2/repository/org/seleniumhq/selenium/selenium-safari-driver/4.15.0/selenium-safari-driver-4.15.0.jar:/home/runner/.m2/repository/org/seleniumhq/selenium/selenium-support/4.15.0/selenium-support-4.15.0.jar:/home/runner/.m2/repository/io/github/bonigarcia/webdrivermanager/5.5.3/webdrivermanager-5.5.3.jar:/home/runner/.m2/repository/com/google/code/gson/gson/2.10.1/gson-2.10.1.jar:/home/runner/.m2/repository/com/github/docker-java/docker-java/3.3.3/docker-java-3.3.3.jar:/home/runner/.m2/repository/com/github/docker-java/docker-java-core/3.3.3/docker-java-core-3.3.3.jar:/home/runner/.m2/repository/com/github/docker-java/docker-java-api/3.3.3/docker-java-api-3.3.3.jar:/home/runner/.m2/repository/commons-io/commons-io/2.6/commons-io-2.6.jar:/home/runner/.m2/repository/org/apache/commons/commons-compress/1.21/commons-compress-1.21.jar:/home/runner/.m2/repository/org/bouncycastle/bcpkix-jdk18on/1.75/bcpkix-jdk18on-1.75.jar:/home/runner/.m2/repository/org/bouncycastle/bcprov-jdk18on/1.75/bcprov-jdk18on-1.75.jar:/home/runner/.m2/repository/org/bouncycastle/bcutil-jdk18on/1.75/bcutil-jdk18on-1.75.jar:/home/runner/.m2/repository/org/slf4j/jcl-over-slf4j/1.7.30/jcl-over-slf4j-1.7.30.jar:/home/runner/.m2/repository/com/github/docker-java/docker-java-transport-httpclient5/3.3.3/docker-java-transport-httpclient5-3.3.3.jar:/home/runner/.m2/repository/com/github/docker-java/docker-java-transport/3.3.3/docker-java-transport-3.3.3.jar:/home/runner/.m2/repository/net/java/dev/jna/jna/5.12.1/jna-5.12.1.jar:/home/runner/.m2/repository/org/brotli/dec/0.1.2/dec-0.1.2.jar:/home/runner/.m2/repository/org/apache/commons/commons-lang3/3.13.0/commons-lang3-3.13.0.jar:/home/runner/.m2/repository/org/apache/httpcomponents/client5/httpclient5/5.2.1/httpclient5-5.2.1.jar:/home/runner/.m2/repository/org/apache/httpcomponents/core5/httpcore5/5.2/httpcore5-5.2.jar:/home/runner/.m2/repository/org/apache/httpcomponents/core5/httpcore5-h2/5.2/httpcore5-h2-5.2.jar:/home/runner/.m2/repository/io/rest-assured/rest-assured/5.3.2/rest-assured-5.3.2.jar:/home/runner/.m2/repository/org/apache/groovy/groovy/4.0.11/groovy-4.0.11.jar:/home/runner/.m2/repository/org/apache/groovy/groovy-xml/4.0.11/groovy-xml-4.0.11.jar:/home/runner/.m2/repository/org/apache/httpcomponents/httpclient/4.5.13/httpclient-4.5.13.jar:/home/runner/.m2/repository/org/apache/httpcomponents/httpcore/4.4.13/httpcore-4.4.13.jar:/home/runner/.m2/repository/commons-logging/commons-logging/1.2/commons-logging-1.2.jar:/home/runner/.m2/repository/commons-codec/commons-codec/1.11/commons-codec-1.11.jar:/home/runner/.m2/repository/org/apache/httpcomponents/httpmime/4.5.13/httpmime-4.5.13.jar:/home/runner/.m2/repository/org/hamcrest/hamcrest/2.2/hamcrest-2.2.jar:/home/runner/.m2/repository/org/ccil/cowan/tagsoup/tagsoup/1.2.1/tagsoup-1.2.1.jar:/home/runner/.m2/repository/io/rest-assured/json-path/5.3.2/json-path-5.3.2.jar:/home/runner/.m2/repository/org/apache/groovy/groovy-json/4.0.11/groovy-json-4.0.11.jar:/home/runner/.m2/repository/io/rest-assured/rest-assured-common/5.3.2/rest-assured-common-5.3.2.jar:/home/runner/.m2/repository/io/rest-assured/xml-path/5.3.2/xml-path-5.3.2.jar:/home/runner/.m2/repository/io/rest-assured/json-schema-validator/5.3.2/json-schema-validator-5.3.2.jar:/home/runner/.m2/repository/com/github/java-json-tools/json-schema-validator/2.2.14/json-schema-validator-2.2.14.jar:/home/runner/.m2/repository/com/github/java-json-tools/jackson-coreutils-equivalence/1.0/jackson-coreutils-equivalence-1.0.jar:/home/runner/.m2/repository/com/github/java-json-tools/jackson-coreutils/2.0/jackson-coreutils-2.0.jar:/home/runner/.m2/repository/com/github/java-json-tools/msg-simple/1.2/msg-simple-1.2.jar:/home/runner/.m2/repository/com/github/java-json-tools/btf/1.3/btf-1.3.jar:/home/runner/.m2/repository/com/github/java-json-tools/json-schema-core/1.2.14/json-schema-core-1.2.14.jar:/home/runner/.m2/repository/com/github/java-json-tools/uri-template/0.10/uri-template-0.10.jar:/home/runner/.m2/repository/org/mozilla/rhino/1.7.7.2/rhino-1.7.7.2.jar:/home/runner/.m2/repository/com/sun/mail/mailapi/1.6.2/mailapi-1.6.2.jar:/home/runner/.m2/repository/joda-time/joda-time/2.10.5/joda-time-2.10.5.jar:/home/runner/.m2/repository/com/googlecode/libphonenumber/libphonenumber/8.11.1/libphonenumber-8.11.1.jar:/home/runner/.m2/repository/com/google/code/findbugs/jsr305/3.0.2/jsr305-3.0.2.jar:/home/runner/.m2/repository/net/sf/jopt-simple/jopt-simple/5.0.4/jopt-simple-5.0.4.jar:/home/runner/.m2/repository/com/google/guava/guava/32.0.1-jre/guava-32.0.1-jre.jar:/home/runner/.m2/repository/com/google/guava/failureaccess/1.0.1/failureaccess-1.0.1.jar:/home/runner/.m2/repository/com/google/guava/listenablefuture/9999.0-empty-to-avoid-conflict-with-guava/listenablefuture-9999.0-empty-to-avoid-conflict-with-guava.jar:/home/runner/.m2/repository/org/checkerframework/checker-qual/3.33.0/checker-qual-3.33.0.jar:/home/runner/.m2/repository/com/google/errorprone/error_prone_annotations/2.18.0/error_prone_annotations-2.18.0.jar:/home/runner/.m2/repository/com/google/j2objc/j2objc-annotations/2.8/j2objc-annotations-2.8.jar:/home/runner/.m2/repository/com/aventstack/extentreports/5.0.9/extentreports-5.0.9.jar:/home/runner/.m2/repository/io/reactivex/rxjava3/rxjava/3.0.4/rxjava-3.0.4.jar:/home/runner/.m2/repository/org/reactivestreams/reactive-streams/1.0.3/reactive-streams-1.0.3.jar:/home/runner/.m2/repository/org/freemarker/freemarker/2.3.30/freemarker-2.3.30.jar:/home/runner/.m2/repository/org/apache/logging/log4j/log4j-core/2.20.0/log4j-core-2.20.0.jar:/home/runner/.m2/repository/org/apache/logging/log4j/log4j-api/2.20.0/log4j-api-2.20.0.jar:/home/runner/.m2/repository/com/fasterxml/jackson/core/jackson-databind/2.15.2/jackson-databind-2.15.2.jar:/home/runner/.m2/repository/com/fasterxml/jackson/core/jackson-core/2.15.2/jackson-core-2.15.2.jar:/home/runner/.m2/repository/com/fasterxml/jackson/core/jackson-annotations/2.15.2/jackson-annotations-2.15.2.jar:"/>
    <property name="java.vm.vendor" value="Oracle Corporation"/>
    <property name="sun.arch.data.model" value="64"/>
    <property name="java.vendor.url" value="https://openjdk.org/"/>
    <property name="user.timezone" value="GMT"/>
    <property name="os.name" value="Linux"/>
    <property name="java.vm.specification.version" value="21"/>
    <property name="sun.java.launcher" value="SUN_STANDARD"/>
    <property name="user.country" value="US"/>
    <property name="sun.boot.library.path" value="/nix/store/2vwkssqpzykk37r996cafq7x63imf4sp-openjdk-21+35/lib/openjdk/lib"/>
    <property name="sun.java.command" value="/home/runner/workspace/target/surefire/surefirebooter-20250715130644547_3.jar /home/runner/workspace/target/surefire 2025-07-15T13-06-44_467-jvmRun1 surefire-20250715130644547_1tmp surefire_0-20250715130644547_2tmp"/>
    <property name="jdk.debug" value="release"/>
    <property name="surefire.test.class.path" value="/home/runner/workspace/target/test-classes:/home/runner/workspace/target/classes:/home/runner/.m2/repository/org/testng/testng/7.8.0/testng-7.8.0.jar:/home/runner/.m2/repository/org/slf4j/slf4j-api/1.7.36/slf4j-api-1.7.36.jar:/home/runner/.m2/repository/com/beust/jcommander/1.82/jcommander-1.82.jar:/home/runner/.m2/repository/org/webjars/jquery/3.6.1/jquery-3.6.1.jar:/home/runner/.m2/repository/org/seleniumhq/selenium/selenium-java/4.15.0/selenium-java-4.15.0.jar:/home/runner/.m2/repository/org/seleniumhq/selenium/selenium-api/4.15.0/selenium-api-4.15.0.jar:/home/runner/.m2/repository/org/seleniumhq/selenium/selenium-chrome-driver/4.15.0/selenium-chrome-driver-4.15.0.jar:/home/runner/.m2/repository/com/google/auto/service/auto-service-annotations/1.1.1/auto-service-annotations-1.1.1.jar:/home/runner/.m2/repository/org/seleniumhq/selenium/selenium-chromium-driver/4.15.0/selenium-chromium-driver-4.15.0.jar:/home/runner/.m2/repository/org/seleniumhq/selenium/selenium-json/4.15.0/selenium-json-4.15.0.jar:/home/runner/.m2/repository/org/seleniumhq/selenium/selenium-manager/4.15.0/selenium-manager-4.15.0.jar:/home/runner/.m2/repository/org/seleniumhq/selenium/selenium-devtools-v117/4.15.0/selenium-devtools-v117-4.15.0.jar:/home/runner/.m2/repository/org/seleniumhq/selenium/selenium-devtools-v118/4.15.0/selenium-devtools-v118-4.15.0.jar:/home/runner/.m2/repository/org/seleniumhq/selenium/selenium-devtools-v119/4.15.0/selenium-devtools-v119-4.15.0.jar:/home/runner/.m2/repository/org/seleniumhq/selenium/selenium-devtools-v85/4.15.0/selenium-devtools-v85-4.15.0.jar:/home/runner/.m2/repository/org/seleniumhq/selenium/selenium-edge-driver/4.15.0/selenium-edge-driver-4.15.0.jar:/home/runner/.m2/repository/org/seleniumhq/selenium/selenium-firefox-driver/4.15.0/selenium-firefox-driver-4.15.0.jar:/home/runner/.m2/repository/org/seleniumhq/selenium/selenium-http/4.15.0/selenium-http-4.15.0.jar:/home/runner/.m2/repository/dev/failsafe/failsafe/3.3.2/failsafe-3.3.2.jar:/home/runner/.m2/repository/org/seleniumhq/selenium/selenium-ie-driver/4.15.0/selenium-ie-driver-4.15.0.jar:/home/runner/.m2/repository/org/seleniumhq/selenium/selenium-remote-driver/4.15.0/selenium-remote-driver-4.15.0.jar:/home/runner/.m2/repository/io/opentelemetry/opentelemetry-api/1.28.0/opentelemetry-api-1.28.0.jar:/home/runner/.m2/repository/io/opentelemetry/opentelemetry-context/1.28.0/opentelemetry-context-1.28.0.jar:/home/runner/.m2/repository/io/opentelemetry/opentelemetry-exporter-logging/1.28.0/opentelemetry-exporter-logging-1.28.0.jar:/home/runner/.m2/repository/io/opentelemetry/opentelemetry-sdk-metrics/1.28.0/opentelemetry-sdk-metrics-1.28.0.jar:/home/runner/.m2/repository/io/opentelemetry/opentelemetry-extension-incubator/1.28.0-alpha/opentelemetry-extension-incubator-1.28.0-alpha.jar:/home/runner/.m2/repository/io/opentelemetry/opentelemetry-sdk-logs/1.28.0/opentelemetry-sdk-logs-1.28.0.jar:/home/runner/.m2/repository/io/opentelemetry/opentelemetry-sdk-common/1.28.0/opentelemetry-sdk-common-1.28.0.jar:/home/runner/.m2/repository/io/opentelemetry/opentelemetry-sdk-extension-autoconfigure-spi/1.28.0/opentelemetry-sdk-extension-autoconfigure-spi-1.28.0.jar:/home/runner/.m2/repository/io/opentelemetry/opentelemetry-sdk-extension-autoconfigure/1.28.0/opentelemetry-sdk-extension-autoconfigure-1.28.0.jar:/home/runner/.m2/repository/io/opentelemetry/opentelemetry-api-events/1.28.0-alpha/opentelemetry-api-events-1.28.0-alpha.jar:/home/runner/.m2/repository/io/opentelemetry/opentelemetry-sdk-trace/1.28.0/opentelemetry-sdk-trace-1.28.0.jar:/home/runner/.m2/repository/io/opentelemetry/opentelemetry-sdk/1.28.0/opentelemetry-sdk-1.28.0.jar:/home/runner/.m2/repository/io/opentelemetry/opentelemetry-semconv/1.28.0-alpha/opentelemetry-semconv-1.28.0-alpha.jar:/home/runner/.m2/repository/net/bytebuddy/byte-buddy/1.14.5/byte-buddy-1.14.5.jar:/home/runner/.m2/repository/org/seleniumhq/selenium/selenium-os/4.15.0/selenium-os-4.15.0.jar:/home/runner/.m2/repository/org/apache/commons/commons-exec/1.3/commons-exec-1.3.jar:/home/runner/.m2/repository/org/seleniumhq/selenium/selenium-safari-driver/4.15.0/selenium-safari-driver-4.15.0.jar:/home/runner/.m2/repository/org/seleniumhq/selenium/selenium-support/4.15.0/selenium-support-4.15.0.jar:/home/runner/.m2/repository/io/github/bonigarcia/webdrivermanager/5.5.3/webdrivermanager-5.5.3.jar:/home/runner/.m2/repository/com/google/code/gson/gson/2.10.1/gson-2.10.1.jar:/home/runner/.m2/repository/com/github/docker-java/docker-java/3.3.3/docker-java-3.3.3.jar:/home/runner/.m2/repository/com/github/docker-java/docker-java-core/3.3.3/docker-java-core-3.3.3.jar:/home/runner/.m2/repository/com/github/docker-java/docker-java-api/3.3.3/docker-java-api-3.3.3.jar:/home/runner/.m2/repository/commons-io/commons-io/2.6/commons-io-2.6.jar:/home/runner/.m2/repository/org/apache/commons/commons-compress/1.21/commons-compress-1.21.jar:/home/runner/.m2/repository/org/bouncycastle/bcpkix-jdk18on/1.75/bcpkix-jdk18on-1.75.jar:/home/runner/.m2/repository/org/bouncycastle/bcprov-jdk18on/1.75/bcprov-jdk18on-1.75.jar:/home/runner/.m2/repository/org/bouncycastle/bcutil-jdk18on/1.75/bcutil-jdk18on-1.75.jar:/home/runner/.m2/repository/org/slf4j/jcl-over-slf4j/1.7.30/jcl-over-slf4j-1.7.30.jar:/home/runner/.m2/repository/com/github/docker-java/docker-java-transport-httpclient5/3.3.3/docker-java-transport-httpclient5-3.3.3.jar:/home/runner/.m2/repository/com/github/docker-java/docker-java-transport/3.3.3/docker-java-transport-3.3.3.jar:/home/runner/.m2/repository/net/java/dev/jna/jna/5.12.1/jna-5.12.1.jar:/home/runner/.m2/repository/org/brotli/dec/0.1.2/dec-0.1.2.jar:/home/runner/.m2/repository/org/apache/commons/commons-lang3/3.13.0/commons-lang3-3.13.0.jar:/home/runner/.m2/repository/org/apache/httpcomponents/client5/httpclient5/5.2.1/httpclient5-5.2.1.jar:/home/runner/.m2/repository/org/apache/httpcomponents/core5/httpcore5/5.2/httpcore5-5.2.jar:/home/runner/.m2/repository/org/apache/httpcomponents/core5/httpcore5-h2/5.2/httpcore5-h2-5.2.jar:/home/runner/.m2/repository/io/rest-assured/rest-assured/5.3.2/rest-assured-5.3.2.jar:/home/runner/.m2/repository/org/apache/groovy/groovy/4.0.11/groovy-4.0.11.jar:/home/runner/.m2/repository/org/apache/groovy/groovy-xml/4.0.11/groovy-xml-4.0.11.jar:/home/runner/.m2/repository/org/apache/httpcomponents/httpclient/4.5.13/httpclient-4.5.13.jar:/home/runner/.m2/repository/org/apache/httpcomponents/httpcore/4.4.13/httpcore-4.4.13.jar:/home/runner/.m2/repository/commons-logging/commons-logging/1.2/commons-logging-1.2.jar:/home/runner/.m2/repository/commons-codec/commons-codec/1.11/commons-codec-1.11.jar:/home/runner/.m2/repository/org/apache/httpcomponents/httpmime/4.5.13/httpmime-4.5.13.jar:/home/runner/.m2/repository/org/hamcrest/hamcrest/2.2/hamcrest-2.2.jar:/home/runner/.m2/repository/org/ccil/cowan/tagsoup/tagsoup/1.2.1/tagsoup-1.2.1.jar:/home/runner/.m2/repository/io/rest-assured/json-path/5.3.2/json-path-5.3.2.jar:/home/runner/.m2/repository/org/apache/groovy/groovy-json/4.0.11/groovy-json-4.0.11.jar:/home/runner/.m2/repository/io/rest-assured/rest-assured-common/5.3.2/rest-assured-common-5.3.2.jar:/home/runner/.m2/repository/io/rest-assured/xml-path/5.3.2/xml-path-5.3.2.jar:/home/runner/.m2/repository/io/rest-assured/json-schema-validator/5.3.2/json-schema-validator-5.3.2.jar:/home/runner/.m2/repository/com/github/java-json-tools/json-schema-validator/2.2.14/json-schema-validator-2.2.14.jar:/home/runner/.m2/repository/com/github/java-json-tools/jackson-coreutils-equivalence/1.0/jackson-coreutils-equivalence-1.0.jar:/home/runner/.m2/repository/com/github/java-json-tools/jackson-coreutils/2.0/jackson-coreutils-2.0.jar:/home/runner/.m2/repository/com/github/java-json-tools/msg-simple/1.2/msg-simple-1.2.jar:/home/runner/.m2/repository/com/github/java-json-tools/btf/1.3/btf-1.3.jar:/home/runner/.m2/repository/com/github/java-json-tools/json-schema-core/1.2.14/json-schema-core-1.2.14.jar:/home/runner/.m2/repository/com/github/java-json-tools/uri-template/0.10/uri-template-0.10.jar:/home/runner/.m2/repository/org/mozilla/rhino/1.7.7.2/rhino-1.7.7.2.jar:/home/runner/.m2/repository/com/sun/mail/mailapi/1.6.2/mailapi-1.6.2.jar:/home/runner/.m2/repository/joda-time/joda-time/2.10.5/joda-time-2.10.5.jar:/home/runner/.m2/repository/com/googlecode/libphonenumber/libphonenumber/8.11.1/libphonenumber-8.11.1.jar:/home/runner/.m2/repository/com/google/code/findbugs/jsr305/3.0.2/jsr305-3.0.2.jar:/home/runner/.m2/repository/net/sf/jopt-simple/jopt-simple/5.0.4/jopt-simple-5.0.4.jar:/home/runner/.m2/repository/com/google/guava/guava/32.0.1-jre/guava-32.0.1-jre.jar:/home/runner/.m2/repository/com/google/guava/failureaccess/1.0.1/failureaccess-1.0.1.jar:/home/runner/.m2/repository/com/google/guava/listenablefuture/9999.0-empty-to-avoid-conflict-with-guava/listenablefuture-9999.0-empty-to-avoid-conflict-with-guava.jar:/home/runner/.m2/repository/org/checkerframework/checker-qual/3.33.0/checker-qual-3.33.0.jar:/home/runner/.m2/repository/com/google/errorprone/error_prone_annotations/2.18.0/error_prone_annotations-2.18.0.jar:/home/runner/.m2/repository/com/google/j2objc/j2objc-annotations/2.8/j2objc-annotations-2.8.jar:/home/runner/.m2/repository/com/aventstack/extentreports/5.0.9/extentreports-5.0.9.jar:/home/runner/.m2/repository/io/reactivex/rxjava3/rxjava/3.0.4/rxjava-3.0.4.jar:/home/runner/.m2/repository/org/reactivestreams/reactive-streams/1.0.3/reactive-streams-1.0.3.jar:/home/runner/.m2/repository/org/freemarker/freemarker/2.3.30/freemarker-2.3.30.jar:/home/runner/.m2/repository/org/apache/logging/log4j/log4j-core/2.20.0/log4j-core-2.20.0.jar:/home/runner/.m2/repository/org/apache/logging/log4j/log4j-api/2.20.0/log4j-api-2.20.0.jar:/home/runner/.m2/repository/com/fasterxml/jackson/core/jackson-databind/2.15.2/jackson-databind-2.15.2.jar:/home/runner/.m2/repository/com/fasterxml/jackson/core/jackson-core/2.15.2/jackson-core-2.15.2.jar:/home/runner/.m2/repository/com/fasterxml/jackson/core/jackson-annotations/2.15.2/jackson-annotations-2.15.2.jar:"/>
    <property name="sun.cpu.endian" value="little"/>
    <property name="user.home" value="/home/runner"/>
    <property name="user.language" value="en"/>
    <property name="java.specification.vendor" value="Oracle Corporation"/>
    <property name="java.version.date" value="2023-09-19"/>
    <property name="java.home" value="/nix/store/2vwkssqpzykk37r996cafq7x63imf4sp-openjdk-21+35/lib/openjdk"/>
    <property name="file.separator" value="/"/>
    <property name="basedir" value="/home/runner/workspace"/>
    <property name="java.vm.compressedOopsMode" value="Zero based"/>
    <property name="line.separator" value="&#10;"/>
    <property name="java.specification.name" value="Java Platform API Specification"/>
    <property name="java.vm.specification.vendor" value="Oracle Corporation"/>
    <property name="surefire.real.class.path" value="/home/runner/workspace/target/surefire/surefirebooter-20250715130644547_3.jar"/>
    <property name="sun.management.compiler" value="HotSpot 64-Bit Tiered Compilers"/>
    <property name="java.runtime.version" value="21+35-nixos"/>
    <property name="user.name" value="runner"/>
    <property name="stdout.encoding" value="UTF-8"/>
    <property name="path.separator" value=":"/>
    <property name="os.version" value="6.2.16"/>
    <property name="java.runtime.name" value="OpenJDK Runtime Environment"/>
    <property name="file.encoding" value="UTF-8"/>
    <property name="java.vm.name" value="OpenJDK 64-Bit Server VM"/>
    <property name="localRepository" value="/home/runner/.m2/repository"/>
    <property name="java.vendor.url.bug" value="https://bugreport.java.com/bugreport/"/>
    <property name="java.io.tmpdir" value="/tmp"/>
    <property name="java.version" value="21"/>
    <property name="user.dir" value="/home/runner/workspace"/>
    <property name="os.arch" value="amd64"/>
    <property name="java.vm.specification.name" value="Java Virtual Machine Specification"/>
    <property name="native.encoding" value="UTF-8"/>
    <property name="environment" value="staging"/>
    <property name="java.library.path" value="/usr/java/packages/lib:/usr/lib64:/lib64:/lib:/usr/lib"/>
    <property name="java.vm.info" value="mixed mode, sharing"/>
    <property name="stderr.encoding" value="UTF-8"/>
    <property name="java.vendor" value="N/A"/>
    <property name="java.vm.version" value="21+35-nixos"/>
    <property name="sun.io.unicode.encoding" value="UnicodeLittle"/>
    <property name="java.class.version" value="65.0"/>
  </properties>
  <testcase name="test_stripeGatewayWithoutCoupon" classname="com.example.booking.tests.E2E_Booking_Test" time="0.73">
    <failure message="Test failed: Failed to get free slots" type="java.lang.AssertionError"><![CDATA[java.lang.AssertionError: Test failed: Failed to get free slots
	at org.testng.Assert.fail(Assert.java:111)
	at com.example.booking.tests.E2E_Booking_Test.test_stripeGatewayWithoutCoupon(E2E_Booking_Test.java:99)
	at java.base/jdk.internal.reflect.DirectMethodHandleAccessor.invoke(DirectMethodHandleAccessor.java:103)
	at java.base/java.lang.reflect.Method.invoke(Method.java:580)
	at org.testng.internal.invokers.MethodInvocationHelper.invokeMethod(MethodInvocationHelper.java:139)
	at org.testng.internal.invokers.TestInvoker.invokeMethod(TestInvoker.java:664)
	at org.testng.internal.invokers.TestInvoker.invokeTestMethod(TestInvoker.java:227)
	at org.testng.internal.invokers.MethodRunner.runInSequence(MethodRunner.java:50)
	at org.testng.internal.invokers.TestInvoker$MethodInvocationAgent.invoke(TestInvoker.java:957)
	at org.testng.internal.invokers.TestInvoker.invokeTestMethods(TestInvoker.java:200)
	at org.testng.internal.invokers.TestMethodWorker.invokeTestMethods(TestMethodWorker.java:148)
	at org.testng.internal.invokers.TestMethodWorker.run(TestMethodWorker.java:128)
	at java.base/java.util.concurrent.ThreadPoolExecutor.runWorker(ThreadPoolExecutor.java:1144)
	at java.base/java.util.concurrent.ThreadPoolExecutor$Worker.run(ThreadPoolExecutor.java:642)
	at java.base/java.lang.Thread.run(Thread.java:1583)
]]></failure>
    <system-out><![CDATA[13:06:45.746 [TestNG-test=Gateway Tests - Group A-1] INFO  com.example.booking.tests.BaseTest - Starting Stripe gateway test without coupon
13:06:45.746 [TestNG-test=Gateway Tests - Group A-2] INFO  com.example.booking.tests.BaseTest - Starting Paymob gateway test without coupon
13:06:45.754 [TestNG-test=Gateway Tests - Group A-1] INFO  com.example.booking.utils.ConfigManager - Loading properties for environment: staging
13:06:45.754 [TestNG-test=Gateway Tests - Group A-1] INFO  com.example.booking.utils.ConfigManager - Properties loaded successfully from: config/staging.properties
13:06:46.235 [TestNG-test=Gateway Tests - Group A-1] INFO  com.example.booking.api.ApiClient - Getting free slots
13:06:46.235 [TestNG-test=Gateway Tests - Group A-2] INFO  com.example.booking.api.ApiClient - Getting free slots
13:06:46.446 [TestNG-test=Gateway Tests - Group A-2] ERROR com.example.booking.api.ApiClient - Error getting free slots: null
java.lang.NullPointerException: null
	at java.lang.Class.isAssignableFrom(Native Method) ~[?:?]
	at java_lang_Class$isAssignableFrom$0.call(Unknown Source) ~[?:?]
	at org.codehaus.groovy.runtime.callsite.CallSiteArray.defaultCall(CallSiteArray.java:45) ~[groovy-4.0.11.jar:4.0.11]
	at java_lang_Class$isAssignableFrom$0.call(Unknown Source) ~[?:?]
	at io.restassured.internal.RequestSpecificationImpl$_applyPathParamsAndSendRequest_closure34.doCall(RequestSpecificationImpl.groovy:1697) ~[rest-assured-5.3.2.jar:?]
	at jdk.internal.reflect.DirectMethodHandleAccessor.invoke(DirectMethodHandleAccessor.java:103) ~[?:?]
	at java.lang.reflect.Method.invoke(Method.java:580) ~[?:?]
	at org.codehaus.groovy.reflection.CachedMethod.invoke(CachedMethod.java:343) ~[groovy-4.0.11.jar:4.0.11]
	at groovy.lang.MetaMethod.doMethodInvoke(MetaMethod.java:328) ~[groovy-4.0.11.jar:4.0.11]
	at org.codehaus.groovy.runtime.metaclass.ClosureMetaClass.invokeMethod(ClosureMetaClass.java:279) ~[groovy-4.0.11.jar:4.0.11]
	at groovy.lang.MetaClassImpl.invokeMethod(MetaClassImpl.java:1006) ~[groovy-4.0.11.jar:4.0.11]
	at org.codehaus.groovy.runtime.callsite.PogoMetaClassSite.call(PogoMetaClassSite.java:39) ~[groovy-4.0.11.jar:4.0.11]
	at org.codehaus.groovy.runtime.callsite.BooleanReturningMethodInvoker.invoke(BooleanReturningMethodInvoker.java:49) ~[groovy-4.0.11.jar:4.0.11]
	at org.codehaus.groovy.runtime.callsite.BooleanClosureWrapper.call(BooleanClosureWrapper.java:52) ~[groovy-4.0.11.jar:4.0.11]
	at org.codehaus.groovy.runtime.DefaultGroovyMethods.any(DefaultGroovyMethods.java:2718) ~[groovy-4.0.11.jar:4.0.11]
	at org.codehaus.groovy.runtime.DefaultGroovyMethods.any(DefaultGroovyMethods.java:2737) ~[groovy-4.0.11.jar:4.0.11]
	at org.codehaus.groovy.runtime.dgm$14.invoke(Unknown Source) ~[groovy-4.0.11.jar:4.0.11]
	at org.codehaus.groovy.runtime.callsite.PojoMetaMethodSite$PojoMetaMethodSiteNoUnwrapNoCoerce.invoke(PojoMetaMethodSite.java:253) ~[groovy-4.0.11.jar:4.0.11]
	at org.codehaus.groovy.runtime.callsite.PojoMetaMethodSite.call(PojoMetaMethodSite.java:57) ~[groovy-4.0.11.jar:4.0.11]
	at org.codehaus.groovy.runtime.callsite.CallSiteArray.defaultCall(CallSiteArray.java:45) ~[groovy-4.0.11.jar:4.0.11]
	at org.codehaus.groovy.runtime.callsite.AbstractCallSite.call(AbstractCallSite.java:125) ~[groovy-4.0.11.jar:4.0.11]
	at org.codehaus.groovy.runtime.callsite.AbstractCallSite.call(AbstractCallSite.java:139) ~[groovy-4.0.11.jar:4.0.11]
	at io.restassured.internal.RequestSpecificationImpl.applyPathParamsAndSendRequest(RequestSpecificationImpl.groovy:1697) ~[rest-assured-5.3.2.jar:?]
	at io.restassured.internal.RequestSpecificationImpl.this$2$applyPathParamsAndSendRequest(RequestSpecificationImpl.groovy) ~[rest-assured-5.3.2.jar:?]
	at jdk.internal.reflect.DirectMethodHandleAccessor.invoke(DirectMethodHandleAccessor.java:103) ~[?:?]
	at java.lang.reflect.Method.invoke(Method.java:580) ~[?:?]
	at org.codehaus.groovy.reflection.CachedMethod.invoke(CachedMethod.java:343) ~[groovy-4.0.11.jar:4.0.11]
	at groovy.lang.MetaMethod.doMethodInvoke(MetaMethod.java:328) ~[groovy-4.0.11.jar:4.0.11]
	at groovy.lang.MetaClassImpl.doInvokeMethod(MetaClassImpl.java:1331) ~[groovy-4.0.11.jar:4.0.11]
	at groovy.lang.MetaClassImpl.invokeMethod(MetaClassImpl.java:1086) ~[groovy-4.0.11.jar:4.0.11]
	at groovy.lang.MetaClassImpl.invokeMethod(MetaClassImpl.java:1006) ~[groovy-4.0.11.jar:4.0.11]
	at groovy.lang.MetaClassImpl.invokeMethod(MetaClassImpl.java:789) ~[groovy-4.0.11.jar:4.0.11]
	at io.restassured.internal.RequestSpecificationImpl.invokeMethod(RequestSpecificationImpl.groovy) ~[rest-assured-5.3.2.jar:?]
	at org.codehaus.groovy.runtime.callsite.PogoInterceptableSite.call(PogoInterceptableSite.java:46) ~[groovy-4.0.11.jar:4.0.11]
	at org.codehaus.groovy.runtime.callsite.PogoInterceptableSite.callCurrent(PogoInterceptableSite.java:57) ~[groovy-4.0.11.jar:4.0.11]
	at org.codehaus.groovy.runtime.callsite.CallSiteArray.defaultCallCurrent(CallSiteArray.java:49) ~[groovy-4.0.11.jar:4.0.11]
	at org.codehaus.groovy.runtime.callsite.AbstractCallSite.callCurrent(AbstractCallSite.java:171) ~[groovy-4.0.11.jar:4.0.11]
	at org.codehaus.groovy.runtime.callsite.AbstractCallSite.callCurrent(AbstractCallSite.java:203) ~[groovy-4.0.11.jar:4.0.11]
	at io.restassured.internal.RequestSpecificationImpl.applyPathParamsAndSendRequest(RequestSpecificationImpl.groovy:1710) ~[rest-assured-5.3.2.jar:?]
	at io.restassured.internal.RequestSpecificationImpl.this$2$applyPathParamsAndSendRequest(RequestSpecificationImpl.groovy) ~[rest-assured-5.3.2.jar:?]
	at jdk.internal.reflect.DirectMethodHandleAccessor.invoke(DirectMethodHandleAccessor.java:103) ~[?:?]
	at java.lang.reflect.Method.invoke(Method.java:580) ~[?:?]
	at org.codehaus.groovy.reflection.CachedMethod.invoke(CachedMethod.java:343) ~[groovy-4.0.11.jar:4.0.11]
	at groovy.lang.MetaMethod.doMethodInvoke(MetaMethod.java:328) ~[groovy-4.0.11.jar:4.0.11]
	at groovy.lang.MetaClassImpl.doInvokeMethod(MetaClassImpl.java:1331) ~[groovy-4.0.11.jar:4.0.11]
	at groovy.lang.MetaClassImpl.invokeMethod(MetaClassImpl.java:1086) ~[groovy-4.0.11.jar:4.0.11]
	at groovy.lang.MetaClassImpl.invokeMethod(MetaClassImpl.java:1006) ~[groovy-4.0.11.jar:4.0.11]
	at groovy.lang.MetaClassImpl.invokeMethod(MetaClassImpl.java:789) ~[groovy-4.0.11.jar:4.0.11]
	at io.restassured.internal.RequestSpecificationImpl.invokeMethod(RequestSpecificationImpl.groovy) ~[rest-assured-5.3.2.jar:?]
	at org.codehaus.groovy.runtime.callsite.PogoInterceptableSite.call(PogoInterceptableSite.java:46) ~[groovy-4.0.11.jar:4.0.11]
	at org.codehaus.groovy.runtime.callsite.PogoInterceptableSite.callCurrent(PogoInterceptableSite.java:57) ~[groovy-4.0.11.jar:4.0.11]
	at org.codehaus.groovy.runtime.callsite.CallSiteArray.defaultCallCurrent(CallSiteArray.java:49) ~[groovy-4.0.11.jar:4.0.11]
	at org.codehaus.groovy.runtime.callsite.AbstractCallSite.callCurrent(AbstractCallSite.java:171) ~[groovy-4.0.11.jar:4.0.11]
	at org.codehaus.groovy.runtime.callsite.AbstractCallSite.callCurrent(AbstractCallSite.java:203) ~[groovy-4.0.11.jar:4.0.11]
	at io.restassured.internal.RequestSpecificationImpl.get(RequestSpecificationImpl.groovy:172) ~[rest-assured-5.3.2.jar:?]
	at io.restassured.internal.RequestSpecificationImpl.get(RequestSpecificationImpl.groovy) ~[rest-assured-5.3.2.jar:?]
	at com.example.booking.api.ApiClient.getFreeSlots(ApiClient.java:56) ~[test-classes/:?]
	at com.example.booking.tests.E2E_Booking_Test.getAvailableSlot(E2E_Booking_Test.java:300) ~[test-classes/:?]
	at com.example.booking.tests.E2E_Booking_Test.test_paymobGatewayWithoutCoupon(E2E_Booking_Test.java:113) ~[test-classes/:?]
	at jdk.internal.reflect.DirectMethodHandleAccessor.invoke(DirectMethodHandleAccessor.java:103) ~[?:?]
	at java.lang.reflect.Method.invoke(Method.java:580) ~[?:?]
	at org.testng.internal.invokers.MethodInvocationHelper.invokeMethod(MethodInvocationHelper.java:139) ~[testng-7.8.0.jar:7.8.0]
	at org.testng.internal.invokers.TestInvoker.invokeMethod(TestInvoker.java:664) ~[testng-7.8.0.jar:7.8.0]
	at org.testng.internal.invokers.TestInvoker.invokeTestMethod(TestInvoker.java:227) ~[testng-7.8.0.jar:7.8.0]
	at org.testng.internal.invokers.MethodRunner.runInSequence(MethodRunner.java:50) ~[testng-7.8.0.jar:7.8.0]
	at org.testng.internal.invokers.TestInvoker$MethodInvocationAgent.invoke(TestInvoker.java:957) ~[testng-7.8.0.jar:7.8.0]
	at org.testng.internal.invokers.TestInvoker.invokeTestMethods(TestInvoker.java:200) ~[testng-7.8.0.jar:7.8.0]
	at org.testng.internal.invokers.TestMethodWorker.invokeTestMethods(TestMethodWorker.java:148) ~[testng-7.8.0.jar:7.8.0]
	at org.testng.internal.invokers.TestMethodWorker.run(TestMethodWorker.java:128) ~[testng-7.8.0.jar:7.8.0]
	at java.util.concurrent.ThreadPoolExecutor.runWorker(ThreadPoolExecutor.java:1144) ~[?:?]
	at java.util.concurrent.ThreadPoolExecutor$Worker.run(ThreadPoolExecutor.java:642) ~[?:?]
	at java.lang.Thread.run(Thread.java:1583) [?:?]
13:06:46.446 [TestNG-test=Gateway Tests - Group A-1] ERROR com.example.booking.api.ApiClient - Error getting free slots: null
java.lang.NullPointerException: null
	at java.lang.Class.isAssignableFrom(Native Method) ~[?:?]
	at java_lang_Class$isAssignableFrom$0.call(Unknown Source) ~[?:?]
	at org.codehaus.groovy.runtime.callsite.CallSiteArray.defaultCall(CallSiteArray.java:45) ~[groovy-4.0.11.jar:4.0.11]
	at java_lang_Class$isAssignableFrom$0.call(Unknown Source) ~[?:?]
	at io.restassured.internal.RequestSpecificationImpl$_applyPathParamsAndSendRequest_closure34.doCall(RequestSpecificationImpl.groovy:1697) ~[rest-assured-5.3.2.jar:?]
	at jdk.internal.reflect.DirectMethodHandleAccessor.invoke(DirectMethodHandleAccessor.java:103) ~[?:?]
	at java.lang.reflect.Method.invoke(Method.java:580) ~[?:?]
	at org.codehaus.groovy.reflection.CachedMethod.invoke(CachedMethod.java:343) ~[groovy-4.0.11.jar:4.0.11]
	at groovy.lang.MetaMethod.doMethodInvoke(MetaMethod.java:328) ~[groovy-4.0.11.jar:4.0.11]
	at org.codehaus.groovy.runtime.metaclass.ClosureMetaClass.invokeMethod(ClosureMetaClass.java:279) ~[groovy-4.0.11.jar:4.0.11]
	at groovy.lang.MetaClassImpl.invokeMethod(MetaClassImpl.java:1006) ~[groovy-4.0.11.jar:4.0.11]
	at org.codehaus.groovy.runtime.callsite.PogoMetaClassSite.call(PogoMetaClassSite.java:39) ~[groovy-4.0.11.jar:4.0.11]
	at org.codehaus.groovy.runtime.callsite.BooleanReturningMethodInvoker.invoke(BooleanReturningMethodInvoker.java:49) ~[groovy-4.0.11.jar:4.0.11]
	at org.codehaus.groovy.runtime.callsite.BooleanClosureWrapper.call(BooleanClosureWrapper.java:52) ~[groovy-4.0.11.jar:4.0.11]
	at org.codehaus.groovy.runtime.DefaultGroovyMethods.any(DefaultGroovyMethods.java:2718) ~[groovy-4.0.11.jar:4.0.11]
	at org.codehaus.groovy.runtime.DefaultGroovyMethods.any(DefaultGroovyMethods.java:2737) ~[groovy-4.0.11.jar:4.0.11]
	at org.codehaus.groovy.runtime.dgm$14.invoke(Unknown Source) ~[groovy-4.0.11.jar:4.0.11]
	at org.codehaus.groovy.runtime.callsite.PojoMetaMethodSite$PojoMetaMethodSiteNoUnwrapNoCoerce.invoke(PojoMetaMethodSite.java:253) ~[groovy-4.0.11.jar:4.0.11]
	at org.codehaus.groovy.runtime.callsite.PojoMetaMethodSite.call(PojoMetaMethodSite.java:57) ~[groovy-4.0.11.jar:4.0.11]
	at org.codehaus.groovy.runtime.callsite.CallSiteArray.defaultCall(CallSiteArray.java:45) ~[groovy-4.0.11.jar:4.0.11]
	at org.codehaus.groovy.runtime.callsite.AbstractCallSite.call(AbstractCallSite.java:125) ~[groovy-4.0.11.jar:4.0.11]
	at org.codehaus.groovy.runtime.callsite.AbstractCallSite.call(AbstractCallSite.java:139) ~[groovy-4.0.11.jar:4.0.11]
	at io.restassured.internal.RequestSpecificationImpl.applyPathParamsAndSendRequest(RequestSpecificationImpl.groovy:1697) ~[rest-assured-5.3.2.jar:?]
	at io.restassured.internal.RequestSpecificationImpl.this$2$applyPathParamsAndSendRequest(RequestSpecificationImpl.groovy) ~[rest-assured-5.3.2.jar:?]
	at jdk.internal.reflect.DirectMethodHandleAccessor.invoke(DirectMethodHandleAccessor.java:103) ~[?:?]
	at java.lang.reflect.Method.invoke(Method.java:580) ~[?:?]
	at org.codehaus.groovy.reflection.CachedMethod.invoke(CachedMethod.java:343) ~[groovy-4.0.11.jar:4.0.11]
	at groovy.lang.MetaMethod.doMethodInvoke(MetaMethod.java:328) ~[groovy-4.0.11.jar:4.0.11]
	at groovy.lang.MetaClassImpl.doInvokeMethod(MetaClassImpl.java:1331) ~[groovy-4.0.11.jar:4.0.11]
	at groovy.lang.MetaClassImpl.invokeMethod(MetaClassImpl.java:1086) ~[groovy-4.0.11.jar:4.0.11]
	at groovy.lang.MetaClassImpl.invokeMethod(MetaClassImpl.java:1006) ~[groovy-4.0.11.jar:4.0.11]
	at groovy.lang.MetaClassImpl.invokeMethod(MetaClassImpl.java:789) ~[groovy-4.0.11.jar:4.0.11]
	at io.restassured.internal.RequestSpecificationImpl.invokeMethod(RequestSpecificationImpl.groovy) ~[rest-assured-5.3.2.jar:?]
	at org.codehaus.groovy.runtime.callsite.PogoInterceptableSite.call(PogoInterceptableSite.java:46) ~[groovy-4.0.11.jar:4.0.11]
	at org.codehaus.groovy.runtime.callsite.PogoInterceptableSite.callCurrent(PogoInterceptableSite.java:57) ~[groovy-4.0.11.jar:4.0.11]
	at org.codehaus.groovy.runtime.callsite.AbstractCallSite.callCurrent(AbstractCallSite.java:203) ~[groovy-4.0.11.jar:4.0.11]
	at org.codehaus.groovy.runtime.callsite.AbstractCallSite.callCurrent(AbstractCallSite.java:201) ~[groovy-4.0.11.jar:4.0.11]
	at io.restassured.internal.RequestSpecificationImpl.applyPathParamsAndSendRequest(RequestSpecificationImpl.groovy:1710) ~[rest-assured-5.3.2.jar:?]
	at io.restassured.internal.RequestSpecificationImpl.this$2$applyPathParamsAndSendRequest(RequestSpecificationImpl.groovy) ~[rest-assured-5.3.2.jar:?]
	at jdk.internal.reflect.DirectMethodHandleAccessor.invoke(DirectMethodHandleAccessor.java:103) ~[?:?]
	at java.lang.reflect.Method.invoke(Method.java:580) ~[?:?]
	at org.codehaus.groovy.reflection.CachedMethod.invoke(CachedMethod.java:343) ~[groovy-4.0.11.jar:4.0.11]
	at groovy.lang.MetaMethod.doMethodInvoke(MetaMethod.java:328) ~[groovy-4.0.11.jar:4.0.11]
	at groovy.lang.MetaClassImpl.doInvokeMethod(MetaClassImpl.java:1331) ~[groovy-4.0.11.jar:4.0.11]
	at groovy.lang.MetaClassImpl.invokeMethod(MetaClassImpl.java:1086) ~[groovy-4.0.11.jar:4.0.11]
	at groovy.lang.MetaClassImpl.invokeMethod(MetaClassImpl.java:1006) ~[groovy-4.0.11.jar:4.0.11]
	at groovy.lang.MetaClassImpl.invokeMethod(MetaClassImpl.java:789) ~[groovy-4.0.11.jar:4.0.11]
	at io.restassured.internal.RequestSpecificationImpl.invokeMethod(RequestSpecificationImpl.groovy) ~[rest-assured-5.3.2.jar:?]
	at org.codehaus.groovy.runtime.callsite.PogoInterceptableSite.call(PogoInterceptableSite.java:46) ~[groovy-4.0.11.jar:4.0.11]
	at org.codehaus.groovy.runtime.callsite.PogoInterceptableSite.callCurrent(PogoInterceptableSite.java:57) ~[groovy-4.0.11.jar:4.0.11]
	at org.codehaus.groovy.runtime.callsite.CallSiteArray.defaultCallCurrent(CallSiteArray.java:49) ~[groovy-4.0.11.jar:4.0.11]
	at org.codehaus.groovy.runtime.callsite.AbstractCallSite.callCurrent(AbstractCallSite.java:171) ~[groovy-4.0.11.jar:4.0.11]
	at org.codehaus.groovy.runtime.callsite.AbstractCallSite.callCurrent(AbstractCallSite.java:203) ~[groovy-4.0.11.jar:4.0.11]
	at io.restassured.internal.RequestSpecificationImpl.get(RequestSpecificationImpl.groovy:172) ~[rest-assured-5.3.2.jar:?]
	at io.restassured.internal.RequestSpecificationImpl.get(RequestSpecificationImpl.groovy) ~[rest-assured-5.3.2.jar:?]
	at com.example.booking.api.ApiClient.getFreeSlots(ApiClient.java:56) ~[test-classes/:?]
	at com.example.booking.tests.E2E_Booking_Test.test_stripeGatewayWithoutCoupon(E2E_Booking_Test.java:35) ~[test-classes/:?]
	at jdk.internal.reflect.DirectMethodHandleAccessor.invoke(DirectMethodHandleAccessor.java:103) ~[?:?]
	at java.lang.reflect.Method.invoke(Method.java:580) ~[?:?]
	at org.testng.internal.invokers.MethodInvocationHelper.invokeMethod(MethodInvocationHelper.java:139) ~[testng-7.8.0.jar:7.8.0]
	at org.testng.internal.invokers.TestInvoker.invokeMethod(TestInvoker.java:664) ~[testng-7.8.0.jar:7.8.0]
	at org.testng.internal.invokers.TestInvoker.invokeTestMethod(TestInvoker.java:227) ~[testng-7.8.0.jar:7.8.0]
	at org.testng.internal.invokers.MethodRunner.runInSequence(MethodRunner.java:50) ~[testng-7.8.0.jar:7.8.0]
	at org.testng.internal.invokers.TestInvoker$MethodInvocationAgent.invoke(TestInvoker.java:957) ~[testng-7.8.0.jar:7.8.0]
	at org.testng.internal.invokers.TestInvoker.invokeTestMethods(TestInvoker.java:200) ~[testng-7.8.0.jar:7.8.0]
	at org.testng.internal.invokers.TestMethodWorker.invokeTestMethods(TestMethodWorker.java:148) ~[testng-7.8.0.jar:7.8.0]
	at org.testng.internal.invokers.TestMethodWorker.run(TestMethodWorker.java:128) ~[testng-7.8.0.jar:7.8.0]
	at java.util.concurrent.ThreadPoolExecutor.runWorker(ThreadPoolExecutor.java:1144) ~[?:?]
	at java.util.concurrent.ThreadPoolExecutor$Worker.run(ThreadPoolExecutor.java:642) ~[?:?]
	at java.lang.Thread.run(Thread.java:1583) [?:?]
13:06:46.454 [TestNG-test=Gateway Tests - Group A-2] ERROR com.example.booking.tests.BaseTest - Paymob gateway test failed: Failed to get free slots
java.lang.RuntimeException: Failed to get free slots
	at com.example.booking.api.ApiClient.getFreeSlots(ApiClient.java:63) ~[test-classes/:?]
	at com.example.booking.tests.E2E_Booking_Test.getAvailableSlot(E2E_Booking_Test.java:300) ~[test-classes/:?]
	at com.example.booking.tests.E2E_Booking_Test.test_paymobGatewayWithoutCoupon(E2E_Booking_Test.java:113) ~[test-classes/:?]
	at jdk.internal.reflect.DirectMethodHandleAccessor.invoke(DirectMethodHandleAccessor.java:103) ~[?:?]
	at java.lang.reflect.Method.invoke(Method.java:580) ~[?:?]
	at org.testng.internal.invokers.MethodInvocationHelper.invokeMethod(MethodInvocationHelper.java:139) ~[testng-7.8.0.jar:7.8.0]
	at org.testng.internal.invokers.TestInvoker.invokeMethod(TestInvoker.java:664) ~[testng-7.8.0.jar:7.8.0]
	at org.testng.internal.invokers.TestInvoker.invokeTestMethod(TestInvoker.java:227) ~[testng-7.8.0.jar:7.8.0]
	at org.testng.internal.invokers.MethodRunner.runInSequence(MethodRunner.java:50) ~[testng-7.8.0.jar:7.8.0]
	at org.testng.internal.invokers.TestInvoker$MethodInvocationAgent.invoke(TestInvoker.java:957) ~[testng-7.8.0.jar:7.8.0]
	at org.testng.internal.invokers.TestInvoker.invokeTestMethods(TestInvoker.java:200) ~[testng-7.8.0.jar:7.8.0]
	at org.testng.internal.invokers.TestMethodWorker.invokeTestMethods(TestMethodWorker.java:148) ~[testng-7.8.0.jar:7.8.0]
	at org.testng.internal.invokers.TestMethodWorker.run(TestMethodWorker.java:128) ~[testng-7.8.0.jar:7.8.0]
	at java.util.concurrent.ThreadPoolExecutor.runWorker(ThreadPoolExecutor.java:1144) ~[?:?]
	at java.util.concurrent.ThreadPoolExecutor$Worker.run(ThreadPoolExecutor.java:642) ~[?:?]
	at java.lang.Thread.run(Thread.java:1583) [?:?]
Caused by: java.lang.NullPointerException
	at java.lang.Class.isAssignableFrom(Native Method) ~[?:?]
	at java_lang_Class$isAssignableFrom$0.call(Unknown Source) ~[?:?]
	at org.codehaus.groovy.runtime.callsite.CallSiteArray.defaultCall(CallSiteArray.java:45) ~[groovy-4.0.11.jar:4.0.11]
	at java_lang_Class$isAssignableFrom$0.call(Unknown Source) ~[?:?]
	at io.restassured.internal.RequestSpecificationImpl$_applyPathParamsAndSendRequest_closure34.doCall(RequestSpecificationImpl.groovy:1697) ~[rest-assured-5.3.2.jar:?]
	at jdk.internal.reflect.DirectMethodHandleAccessor.invoke(DirectMethodHandleAccessor.java:103) ~[?:?]
	at java.lang.reflect.Method.invoke(Method.java:580) ~[?:?]
	at org.codehaus.groovy.reflection.CachedMethod.invoke(CachedMethod.java:343) ~[groovy-4.0.11.jar:4.0.11]
	at groovy.lang.MetaMethod.doMethodInvoke(MetaMethod.java:328) ~[groovy-4.0.11.jar:4.0.11]
	at org.codehaus.groovy.runtime.metaclass.ClosureMetaClass.invokeMethod(ClosureMetaClass.java:279) ~[groovy-4.0.11.jar:4.0.11]
	at groovy.lang.MetaClassImpl.invokeMethod(MetaClassImpl.java:1006) ~[groovy-4.0.11.jar:4.0.11]
	at org.codehaus.groovy.runtime.callsite.PogoMetaClassSite.call(PogoMetaClassSite.java:39) ~[groovy-4.0.11.jar:4.0.11]
	at org.codehaus.groovy.runtime.callsite.BooleanReturningMethodInvoker.invoke(BooleanReturningMethodInvoker.java:49) ~[groovy-4.0.11.jar:4.0.11]
	at org.codehaus.groovy.runtime.callsite.BooleanClosureWrapper.call(BooleanClosureWrapper.java:52) ~[groovy-4.0.11.jar:4.0.11]
	at org.codehaus.groovy.runtime.DefaultGroovyMethods.any(DefaultGroovyMethods.java:2718) ~[groovy-4.0.11.jar:4.0.11]
	at org.codehaus.groovy.runtime.DefaultGroovyMethods.any(DefaultGroovyMethods.java:2737) ~[groovy-4.0.11.jar:4.0.11]
	at org.codehaus.groovy.runtime.dgm$14.invoke(Unknown Source) ~[groovy-4.0.11.jar:4.0.11]
	at org.codehaus.groovy.runtime.callsite.PojoMetaMethodSite$PojoMetaMethodSiteNoUnwrapNoCoerce.invoke(PojoMetaMethodSite.java:253) ~[groovy-4.0.11.jar:4.0.11]
	at org.codehaus.groovy.runtime.callsite.PojoMetaMethodSite.call(PojoMetaMethodSite.java:57) ~[groovy-4.0.11.jar:4.0.11]
	at org.codehaus.groovy.runtime.callsite.CallSiteArray.defaultCall(CallSiteArray.java:45) ~[groovy-4.0.11.jar:4.0.11]
	at org.codehaus.groovy.runtime.callsite.AbstractCallSite.call(AbstractCallSite.java:125) ~[groovy-4.0.11.jar:4.0.11]
	at org.codehaus.groovy.runtime.callsite.AbstractCallSite.call(AbstractCallSite.java:139) ~[groovy-4.0.11.jar:4.0.11]
	at io.restassured.internal.RequestSpecificationImpl.applyPathParamsAndSendRequest(RequestSpecificationImpl.groovy:1697) ~[rest-assured-5.3.2.jar:?]
	at io.restassured.internal.RequestSpecificationImpl.this$2$applyPathParamsAndSendRequest(RequestSpecificationImpl.groovy) ~[rest-assured-5.3.2.jar:?]
	at jdk.internal.reflect.DirectMethodHandleAccessor.invoke(DirectMethodHandleAccessor.java:103) ~[?:?]
	at java.lang.reflect.Method.invoke(Method.java:580) ~[?:?]
	at org.codehaus.groovy.reflection.CachedMethod.invoke(CachedMethod.java:343) ~[groovy-4.0.11.jar:4.0.11]
	at groovy.lang.MetaMethod.doMethodInvoke(MetaMethod.java:328) ~[groovy-4.0.11.jar:4.0.11]
	at groovy.lang.MetaClassImpl.doInvokeMethod(MetaClassImpl.java:1331) ~[groovy-4.0.11.jar:4.0.11]
	at groovy.lang.MetaClassImpl.invokeMethod(MetaClassImpl.java:1086) ~[groovy-4.0.11.jar:4.0.11]
	at groovy.lang.MetaClassImpl.invokeMethod(MetaClassImpl.java:1006) ~[groovy-4.0.11.jar:4.0.11]
	at groovy.lang.MetaClassImpl.invokeMethod(MetaClassImpl.java:789) ~[groovy-4.0.11.jar:4.0.11]
	at io.restassured.internal.RequestSpecificationImpl.invokeMethod(RequestSpecificationImpl.groovy) ~[rest-assured-5.3.2.jar:?]
	at org.codehaus.groovy.runtime.callsite.PogoInterceptableSite.call(PogoInterceptableSite.java:46) ~[groovy-4.0.11.jar:4.0.11]
	at org.codehaus.groovy.runtime.callsite.PogoInterceptableSite.callCurrent(PogoInterceptableSite.java:57) ~[groovy-4.0.11.jar:4.0.11]
	at org.codehaus.groovy.runtime.callsite.CallSiteArray.defaultCallCurrent(CallSiteArray.java:49) ~[groovy-4.0.11.jar:4.0.11]
	at org.codehaus.groovy.runtime.callsite.AbstractCallSite.callCurrent(AbstractCallSite.java:171) ~[groovy-4.0.11.jar:4.0.11]
	at org.codehaus.groovy.runtime.callsite.AbstractCallSite.callCurrent(AbstractCallSite.java:203) ~[groovy-4.0.11.jar:4.0.11]
	at io.restassured.internal.RequestSpecificationImpl.applyPathParamsAndSendRequest(RequestSpecificationImpl.groovy:1710) ~[rest-assured-5.3.2.jar:?]
	at io.restassured.internal.RequestSpecificationImpl.this$2$applyPathParamsAndSendRequest(RequestSpecificationImpl.groovy) ~[rest-assured-5.3.2.jar:?]
	at jdk.internal.reflect.DirectMethodHandleAccessor.invoke(DirectMethodHandleAccessor.java:103) ~[?:?]
	at java.lang.reflect.Method.invoke(Method.java:580) ~[?:?]
	at org.codehaus.groovy.reflection.CachedMethod.invoke(CachedMethod.java:343) ~[groovy-4.0.11.jar:4.0.11]
	at groovy.lang.MetaMethod.doMethodInvoke(MetaMethod.java:328) ~[groovy-4.0.11.jar:4.0.11]
	at groovy.lang.MetaClassImpl.doInvokeMethod(MetaClassImpl.java:1331) ~[groovy-4.0.11.jar:4.0.11]
	at groovy.lang.MetaClassImpl.invokeMethod(MetaClassImpl.java:1086) ~[groovy-4.0.11.jar:4.0.11]
	at groovy.lang.MetaClassImpl.invokeMethod(MetaClassImpl.java:1006) ~[groovy-4.0.11.jar:4.0.11]
	at groovy.lang.MetaClassImpl.invokeMethod(MetaClassImpl.java:789) ~[groovy-4.0.11.jar:4.0.11]
	at io.restassured.internal.RequestSpecificationImpl.invokeMethod(RequestSpecificationImpl.groovy) ~[rest-assured-5.3.2.jar:?]
	at org.codehaus.groovy.runtime.callsite.PogoInterceptableSite.call(PogoInterceptableSite.java:46) ~[groovy-4.0.11.jar:4.0.11]
	at org.codehaus.groovy.runtime.callsite.PogoInterceptableSite.callCurrent(PogoInterceptableSite.java:57) ~[groovy-4.0.11.jar:4.0.11]
	at org.codehaus.groovy.runtime.callsite.CallSiteArray.defaultCallCurrent(CallSiteArray.java:49) ~[groovy-4.0.11.jar:4.0.11]
	at org.codehaus.groovy.runtime.callsite.AbstractCallSite.callCurrent(AbstractCallSite.java:171) ~[groovy-4.0.11.jar:4.0.11]
	at org.codehaus.groovy.runtime.callsite.AbstractCallSite.callCurrent(AbstractCallSite.java:203) ~[groovy-4.0.11.jar:4.0.11]
	at io.restassured.internal.RequestSpecificationImpl.get(RequestSpecificationImpl.groovy:172) ~[rest-assured-5.3.2.jar:?]
	at io.restassured.internal.RequestSpecificationImpl.get(RequestSpecificationImpl.groovy) ~[rest-assured-5.3.2.jar:?]
	at com.example.booking.api.ApiClient.getFreeSlots(ApiClient.java:56) ~[test-classes/:?]
	... 15 more
13:06:46.455 [TestNG-test=Gateway Tests - Group A-1] ERROR com.example.booking.tests.BaseTest - Stripe gateway test failed: Failed to get free slots
java.lang.RuntimeException: Failed to get free slots
	at com.example.booking.api.ApiClient.getFreeSlots(ApiClient.java:63) ~[test-classes/:?]
	at com.example.booking.tests.E2E_Booking_Test.test_stripeGatewayWithoutCoupon(E2E_Booking_Test.java:35) ~[test-classes/:?]
	at jdk.internal.reflect.DirectMethodHandleAccessor.invoke(DirectMethodHandleAccessor.java:103) ~[?:?]
	at java.lang.reflect.Method.invoke(Method.java:580) ~[?:?]
	at org.testng.internal.invokers.MethodInvocationHelper.invokeMethod(MethodInvocationHelper.java:139) ~[testng-7.8.0.jar:7.8.0]
	at org.testng.internal.invokers.TestInvoker.invokeMethod(TestInvoker.java:664) ~[testng-7.8.0.jar:7.8.0]
	at org.testng.internal.invokers.TestInvoker.invokeTestMethod(TestInvoker.java:227) ~[testng-7.8.0.jar:7.8.0]
	at org.testng.internal.invokers.MethodRunner.runInSequence(MethodRunner.java:50) ~[testng-7.8.0.jar:7.8.0]
	at org.testng.internal.invokers.TestInvoker$MethodInvocationAgent.invoke(TestInvoker.java:957) ~[testng-7.8.0.jar:7.8.0]
	at org.testng.internal.invokers.TestInvoker.invokeTestMethods(TestInvoker.java:200) ~[testng-7.8.0.jar:7.8.0]
	at org.testng.internal.invokers.TestMethodWorker.invokeTestMethods(TestMethodWorker.java:148) ~[testng-7.8.0.jar:7.8.0]
	at org.testng.internal.invokers.TestMethodWorker.run(TestMethodWorker.java:128) ~[testng-7.8.0.jar:7.8.0]
	at java.util.concurrent.ThreadPoolExecutor.runWorker(ThreadPoolExecutor.java:1144) ~[?:?]
	at java.util.concurrent.ThreadPoolExecutor$Worker.run(ThreadPoolExecutor.java:642) ~[?:?]
	at java.lang.Thread.run(Thread.java:1583) [?:?]
Caused by: java.lang.NullPointerException
	at java.lang.Class.isAssignableFrom(Native Method) ~[?:?]
	at java_lang_Class$isAssignableFrom$0.call(Unknown Source) ~[?:?]
	at org.codehaus.groovy.runtime.callsite.CallSiteArray.defaultCall(CallSiteArray.java:45) ~[groovy-4.0.11.jar:4.0.11]
	at java_lang_Class$isAssignableFrom$0.call(Unknown Source) ~[?:?]
	at io.restassured.internal.RequestSpecificationImpl$_applyPathParamsAndSendRequest_closure34.doCall(RequestSpecificationImpl.groovy:1697) ~[rest-assured-5.3.2.jar:?]
	at jdk.internal.reflect.DirectMethodHandleAccessor.invoke(DirectMethodHandleAccessor.java:103) ~[?:?]
	at java.lang.reflect.Method.invoke(Method.java:580) ~[?:?]
	at org.codehaus.groovy.reflection.CachedMethod.invoke(CachedMethod.java:343) ~[groovy-4.0.11.jar:4.0.11]
	at groovy.lang.MetaMethod.doMethodInvoke(MetaMethod.java:328) ~[groovy-4.0.11.jar:4.0.11]
	at org.codehaus.groovy.runtime.metaclass.ClosureMetaClass.invokeMethod(ClosureMetaClass.java:279) ~[groovy-4.0.11.jar:4.0.11]
	at groovy.lang.MetaClassImpl.invokeMethod(MetaClassImpl.java:1006) ~[groovy-4.0.11.jar:4.0.11]
	at org.codehaus.groovy.runtime.callsite.PogoMetaClassSite.call(PogoMetaClassSite.java:39) ~[groovy-4.0.11.jar:4.0.11]
	at org.codehaus.groovy.runtime.callsite.BooleanReturningMethodInvoker.invoke(BooleanReturningMethodInvoker.java:49) ~[groovy-4.0.11.jar:4.0.11]
	at org.codehaus.groovy.runtime.callsite.BooleanClosureWrapper.call(BooleanClosureWrapper.java:52) ~[groovy-4.0.11.jar:4.0.11]
	at org.codehaus.groovy.runtime.DefaultGroovyMethods.any(DefaultGroovyMethods.java:2718) ~[groovy-4.0.11.jar:4.0.11]
	at org.codehaus.groovy.runtime.DefaultGroovyMethods.any(DefaultGroovyMethods.java:2737) ~[groovy-4.0.11.jar:4.0.11]
	at org.codehaus.groovy.runtime.dgm$14.invoke(Unknown Source) ~[groovy-4.0.11.jar:4.0.11]
	at org.codehaus.groovy.runtime.callsite.PojoMetaMethodSite$PojoMetaMethodSiteNoUnwrapNoCoerce.invoke(PojoMetaMethodSite.java:253) ~[groovy-4.0.11.jar:4.0.11]
	at org.codehaus.groovy.runtime.callsite.PojoMetaMethodSite.call(PojoMetaMethodSite.java:57) ~[groovy-4.0.11.jar:4.0.11]
	at org.codehaus.groovy.runtime.callsite.CallSiteArray.defaultCall(CallSiteArray.java:45) ~[groovy-4.0.11.jar:4.0.11]
	at org.codehaus.groovy.runtime.callsite.AbstractCallSite.call(AbstractCallSite.java:125) ~[groovy-4.0.11.jar:4.0.11]
	at org.codehaus.groovy.runtime.callsite.AbstractCallSite.call(AbstractCallSite.java:139) ~[groovy-4.0.11.jar:4.0.11]
	at io.restassured.internal.RequestSpecificationImpl.applyPathParamsAndSendRequest(RequestSpecificationImpl.groovy:1697) ~[rest-assured-5.3.2.jar:?]
	at io.restassured.internal.RequestSpecificationImpl.this$2$applyPathParamsAndSendRequest(RequestSpecificationImpl.groovy) ~[rest-assured-5.3.2.jar:?]
	at jdk.internal.reflect.DirectMethodHandleAccessor.invoke(DirectMethodHandleAccessor.java:103) ~[?:?]
	at java.lang.reflect.Method.invoke(Method.java:580) ~[?:?]
	at org.codehaus.groovy.reflection.CachedMethod.invoke(CachedMethod.java:343) ~[groovy-4.0.11.jar:4.0.11]
	at groovy.lang.MetaMethod.doMethodInvoke(MetaMethod.java:328) ~[groovy-4.0.11.jar:4.0.11]
	at groovy.lang.MetaClassImpl.doInvokeMethod(MetaClassImpl.java:1331) ~[groovy-4.0.11.jar:4.0.11]
	at groovy.lang.MetaClassImpl.invokeMethod(MetaClassImpl.java:1086) ~[groovy-4.0.11.jar:4.0.11]
	at groovy.lang.MetaClassImpl.invokeMethod(MetaClassImpl.java:1006) ~[groovy-4.0.11.jar:4.0.11]
	at groovy.lang.MetaClassImpl.invokeMethod(MetaClassImpl.java:789) ~[groovy-4.0.11.jar:4.0.11]
	at io.restassured.internal.RequestSpecificationImpl.invokeMethod(RequestSpecificationImpl.groovy) ~[rest-assured-5.3.2.jar:?]
	at org.codehaus.groovy.runtime.callsite.PogoInterceptableSite.call(PogoInterceptableSite.java:46) ~[groovy-4.0.11.jar:4.0.11]
	at org.codehaus.groovy.runtime.callsite.PogoInterceptableSite.callCurrent(PogoInterceptableSite.java:57) ~[groovy-4.0.11.jar:4.0.11]
	at org.codehaus.groovy.runtime.callsite.AbstractCallSite.callCurrent(AbstractCallSite.java:203) ~[groovy-4.0.11.jar:4.0.11]
	at org.codehaus.groovy.runtime.callsite.AbstractCallSite.callCurrent(AbstractCallSite.java:201) ~[groovy-4.0.11.jar:4.0.11]
	at io.restassured.internal.RequestSpecificationImpl.applyPathParamsAndSendRequest(RequestSpecificationImpl.groovy:1710) ~[rest-assured-5.3.2.jar:?]
	at io.restassured.internal.RequestSpecificationImpl.this$2$applyPathParamsAndSendRequest(RequestSpecificationImpl.groovy) ~[rest-assured-5.3.2.jar:?]
	at jdk.internal.reflect.DirectMethodHandleAccessor.invoke(DirectMethodHandleAccessor.java:103) ~[?:?]
	at java.lang.reflect.Method.invoke(Method.java:580) ~[?:?]
	at org.codehaus.groovy.reflection.CachedMethod.invoke(CachedMethod.java:343) ~[groovy-4.0.11.jar:4.0.11]
	at groovy.lang.MetaMethod.doMethodInvoke(MetaMethod.java:328) ~[groovy-4.0.11.jar:4.0.11]
	at groovy.lang.MetaClassImpl.doInvokeMethod(MetaClassImpl.java:1331) ~[groovy-4.0.11.jar:4.0.11]
	at groovy.lang.MetaClassImpl.invokeMethod(MetaClassImpl.java:1086) ~[groovy-4.0.11.jar:4.0.11]
	at groovy.lang.MetaClassImpl.invokeMethod(MetaClassImpl.java:1006) ~[groovy-4.0.11.jar:4.0.11]
	at groovy.lang.MetaClassImpl.invokeMethod(MetaClassImpl.java:789) ~[groovy-4.0.11.jar:4.0.11]
	at io.restassured.internal.RequestSpecificationImpl.invokeMethod(RequestSpecificationImpl.groovy) ~[rest-assured-5.3.2.jar:?]
	at org.codehaus.groovy.runtime.callsite.PogoInterceptableSite.call(PogoInterceptableSite.java:46) ~[groovy-4.0.11.jar:4.0.11]
	at org.codehaus.groovy.runtime.callsite.PogoInterceptableSite.callCurrent(PogoInterceptableSite.java:57) ~[groovy-4.0.11.jar:4.0.11]
	at org.codehaus.groovy.runtime.callsite.CallSiteArray.defaultCallCurrent(CallSiteArray.java:49) ~[groovy-4.0.11.jar:4.0.11]
	at org.codehaus.groovy.runtime.callsite.AbstractCallSite.callCurrent(AbstractCallSite.java:171) ~[groovy-4.0.11.jar:4.0.11]
	at org.codehaus.groovy.runtime.callsite.AbstractCallSite.callCurrent(AbstractCallSite.java:203) ~[groovy-4.0.11.jar:4.0.11]
	at io.restassured.internal.RequestSpecificationImpl.get(RequestSpecificationImpl.groovy:172) ~[rest-assured-5.3.2.jar:?]
	at io.restassured.internal.RequestSpecificationImpl.get(RequestSpecificationImpl.groovy) ~[rest-assured-5.3.2.jar:?]
	at com.example.booking.api.ApiClient.getFreeSlots(ApiClient.java:56) ~[test-classes/:?]
	... 14 more
]]></system-out>
    <system-err><![CDATA[SLF4J: Failed to load class "org.slf4j.impl.StaticLoggerBinder".
SLF4J: Defaulting to no-operation (NOP) logger implementation
SLF4J: See http://www.slf4j.org/codes.html#StaticLoggerBinder for further details.
]]></system-err>
  </testcase>
  <testcase name="test_paymobGatewayWithoutCoupon" classname="com.example.booking.tests.E2E_Booking_Test" time="0.731">
    <failure message="Test failed: Failed to get free slots" type="java.lang.AssertionError"><![CDATA[java.lang.AssertionError: Test failed: Failed to get free slots
	at org.testng.Assert.fail(Assert.java:111)
	at com.example.booking.tests.E2E_Booking_Test.test_paymobGatewayWithoutCoupon(E2E_Booking_Test.java:145)
	at java.base/jdk.internal.reflect.DirectMethodHandleAccessor.invoke(DirectMethodHandleAccessor.java:103)
	at java.base/java.lang.reflect.Method.invoke(Method.java:580)
	at org.testng.internal.invokers.MethodInvocationHelper.invokeMethod(MethodInvocationHelper.java:139)
	at org.testng.internal.invokers.TestInvoker.invokeMethod(TestInvoker.java:664)
	at org.testng.internal.invokers.TestInvoker.invokeTestMethod(TestInvoker.java:227)
	at org.testng.internal.invokers.MethodRunner.runInSequence(MethodRunner.java:50)
	at org.testng.internal.invokers.TestInvoker$MethodInvocationAgent.invoke(TestInvoker.java:957)
	at org.testng.internal.invokers.TestInvoker.invokeTestMethods(TestInvoker.java:200)
	at org.testng.internal.invokers.TestMethodWorker.invokeTestMethods(TestMethodWorker.java:148)
	at org.testng.internal.invokers.TestMethodWorker.run(TestMethodWorker.java:128)
	at java.base/java.util.concurrent.ThreadPoolExecutor.runWorker(ThreadPoolExecutor.java:1144)
	at java.base/java.util.concurrent.ThreadPoolExecutor$Worker.run(ThreadPoolExecutor.java:642)
	at java.base/java.lang.Thread.run(Thread.java:1583)
]]></failure>
  </testcase>
  <testcase name="test_fawryGatewayWithoutCoupon" classname="com.example.booking.tests.E2E_Booking_Test" time="0.014">
    <failure message="Test failed: Failed to get free slots" type="java.lang.AssertionError"><![CDATA[java.lang.AssertionError: Test failed: Failed to get free slots
	at org.testng.Assert.fail(Assert.java:111)
	at com.example.booking.tests.E2E_Booking_Test.test_fawryGatewayWithoutCoupon(E2E_Booking_Test.java:191)
	at java.base/jdk.internal.reflect.DirectMethodHandleAccessor.invoke(DirectMethodHandleAccessor.java:103)
	at java.base/java.lang.reflect.Method.invoke(Method.java:580)
	at org.testng.internal.invokers.MethodInvocationHelper.invokeMethod(MethodInvocationHelper.java:139)
	at org.testng.internal.invokers.TestInvoker.invokeMethod(TestInvoker.java:664)
	at org.testng.internal.invokers.TestInvoker.invokeTestMethod(TestInvoker.java:227)
	at org.testng.internal.invokers.MethodRunner.runInSequence(MethodRunner.java:50)
	at org.testng.internal.invokers.TestInvoker$MethodInvocationAgent.invoke(TestInvoker.java:957)
	at org.testng.internal.invokers.TestInvoker.invokeTestMethods(TestInvoker.java:200)
	at org.testng.internal.invokers.TestMethodWorker.invokeTestMethods(TestMethodWorker.java:148)
	at org.testng.internal.invokers.TestMethodWorker.run(TestMethodWorker.java:128)
	at java.base/java.util.concurrent.ThreadPoolExecutor.runWorker(ThreadPoolExecutor.java:1144)
	at java.base/java.util.concurrent.ThreadPoolExecutor$Worker.run(ThreadPoolExecutor.java:642)
	at java.base/java.lang.Thread.run(Thread.java:1583)
]]></failure>
    <system-out><![CDATA[13:06:46.474 [TestNG-test=Gateway Tests - Group A-1] INFO  com.example.booking.tests.BaseTest - Starting Fawry gateway test without coupon
13:06:46.474 [TestNG-test=Gateway Tests - Group A-1] INFO  com.example.booking.api.ApiClient - Getting free slots
13:06:46.477 [TestNG-test=Gateway Tests - Group A-1] ERROR com.example.booking.api.ApiClient - Error getting free slots: null
java.lang.NullPointerException: null
	at java.lang.Class.isAssignableFrom(Native Method) ~[?:?]
	at java_lang_Class$isAssignableFrom$0.call(Unknown Source) ~[?:?]
	at org.codehaus.groovy.runtime.callsite.CallSiteArray.defaultCall(CallSiteArray.java:45) ~[groovy-4.0.11.jar:4.0.11]
	at java_lang_Class$isAssignableFrom$0.call(Unknown Source) ~[?:?]
	at io.restassured.internal.RequestSpecificationImpl$_applyPathParamsAndSendRequest_closure34.doCall(RequestSpecificationImpl.groovy:1697) ~[rest-assured-5.3.2.jar:?]
	at jdk.internal.reflect.DirectMethodHandleAccessor.invoke(DirectMethodHandleAccessor.java:103) ~[?:?]
	at java.lang.reflect.Method.invoke(Method.java:580) ~[?:?]
	at org.codehaus.groovy.reflection.CachedMethod.invoke(CachedMethod.java:343) ~[groovy-4.0.11.jar:4.0.11]
	at groovy.lang.MetaMethod.doMethodInvoke(MetaMethod.java:328) ~[groovy-4.0.11.jar:4.0.11]
	at org.codehaus.groovy.runtime.metaclass.ClosureMetaClass.invokeMethod(ClosureMetaClass.java:279) ~[groovy-4.0.11.jar:4.0.11]
	at groovy.lang.MetaClassImpl.invokeMethod(MetaClassImpl.java:1006) ~[groovy-4.0.11.jar:4.0.11]
	at org.codehaus.groovy.runtime.callsite.PogoMetaClassSite.call(PogoMetaClassSite.java:39) ~[groovy-4.0.11.jar:4.0.11]
	at org.codehaus.groovy.runtime.callsite.BooleanReturningMethodInvoker.invoke(BooleanReturningMethodInvoker.java:49) ~[groovy-4.0.11.jar:4.0.11]
	at org.codehaus.groovy.runtime.callsite.BooleanClosureWrapper.call(BooleanClosureWrapper.java:52) ~[groovy-4.0.11.jar:4.0.11]
	at org.codehaus.groovy.runtime.DefaultGroovyMethods.any(DefaultGroovyMethods.java:2718) ~[groovy-4.0.11.jar:4.0.11]
	at org.codehaus.groovy.runtime.DefaultGroovyMethods.any(DefaultGroovyMethods.java:2737) ~[groovy-4.0.11.jar:4.0.11]
	at org.codehaus.groovy.runtime.dgm$14.invoke(Unknown Source) ~[groovy-4.0.11.jar:4.0.11]
	at org.codehaus.groovy.runtime.callsite.PojoMetaMethodSite$PojoMetaMethodSiteNoUnwrapNoCoerce.invoke(PojoMetaMethodSite.java:253) ~[groovy-4.0.11.jar:4.0.11]
	at org.codehaus.groovy.runtime.callsite.PojoMetaMethodSite.call(PojoMetaMethodSite.java:57) ~[groovy-4.0.11.jar:4.0.11]
	at org.codehaus.groovy.runtime.callsite.AbstractCallSite.call(AbstractCallSite.java:139) ~[groovy-4.0.11.jar:4.0.11]
	at io.restassured.internal.RequestSpecificationImpl.applyPathParamsAndSendRequest(RequestSpecificationImpl.groovy:1697) ~[rest-assured-5.3.2.jar:?]
	at io.restassured.internal.RequestSpecificationImpl.this$2$applyPathParamsAndSendRequest(RequestSpecificationImpl.groovy) ~[rest-assured-5.3.2.jar:?]
	at jdk.internal.reflect.DirectMethodHandleAccessor.invoke(DirectMethodHandleAccessor.java:103) ~[?:?]
	at java.lang.reflect.Method.invoke(Method.java:580) ~[?:?]
	at org.codehaus.groovy.reflection.CachedMethod.invoke(CachedMethod.java:343) ~[groovy-4.0.11.jar:4.0.11]
	at groovy.lang.MetaMethod.doMethodInvoke(MetaMethod.java:328) ~[groovy-4.0.11.jar:4.0.11]
	at groovy.lang.MetaClassImpl.doInvokeMethod(MetaClassImpl.java:1331) ~[groovy-4.0.11.jar:4.0.11]
	at groovy.lang.MetaClassImpl.invokeMethod(MetaClassImpl.java:1086) ~[groovy-4.0.11.jar:4.0.11]
	at groovy.lang.MetaClassImpl.invokeMethod(MetaClassImpl.java:1006) ~[groovy-4.0.11.jar:4.0.11]
	at groovy.lang.MetaClassImpl.invokeMethod(MetaClassImpl.java:789) ~[groovy-4.0.11.jar:4.0.11]
	at io.restassured.internal.RequestSpecificationImpl.invokeMethod(RequestSpecificationImpl.groovy) ~[rest-assured-5.3.2.jar:?]
	at org.codehaus.groovy.runtime.callsite.PogoInterceptableSite.call(PogoInterceptableSite.java:46) ~[groovy-4.0.11.jar:4.0.11]
	at org.codehaus.groovy.runtime.callsite.PogoInterceptableSite.callCurrent(PogoInterceptableSite.java:57) ~[groovy-4.0.11.jar:4.0.11]
	at org.codehaus.groovy.runtime.callsite.AbstractCallSite.callCurrent(AbstractCallSite.java:203) ~[groovy-4.0.11.jar:4.0.11]
	at io.restassured.internal.RequestSpecificationImpl.applyPathParamsAndSendRequest(RequestSpecificationImpl.groovy:1710) ~[rest-assured-5.3.2.jar:?]
	at io.restassured.internal.RequestSpecificationImpl.this$2$applyPathParamsAndSendRequest(RequestSpecificationImpl.groovy) ~[rest-assured-5.3.2.jar:?]
	at jdk.internal.reflect.DirectMethodHandleAccessor.invoke(DirectMethodHandleAccessor.java:103) ~[?:?]
	at java.lang.reflect.Method.invoke(Method.java:580) ~[?:?]
	at org.codehaus.groovy.reflection.CachedMethod.invoke(CachedMethod.java:343) ~[groovy-4.0.11.jar:4.0.11]
	at groovy.lang.MetaMethod.doMethodInvoke(MetaMethod.java:328) ~[groovy-4.0.11.jar:4.0.11]
	at groovy.lang.MetaClassImpl.doInvokeMethod(MetaClassImpl.java:1331) ~[groovy-4.0.11.jar:4.0.11]
	at groovy.lang.MetaClassImpl.invokeMethod(MetaClassImpl.java:1086) ~[groovy-4.0.11.jar:4.0.11]
	at groovy.lang.MetaClassImpl.invokeMethod(MetaClassImpl.java:1006) ~[groovy-4.0.11.jar:4.0.11]
	at groovy.lang.MetaClassImpl.invokeMethod(MetaClassImpl.java:789) ~[groovy-4.0.11.jar:4.0.11]
	at io.restassured.internal.RequestSpecificationImpl.invokeMethod(RequestSpecificationImpl.groovy) ~[rest-assured-5.3.2.jar:?]
	at org.codehaus.groovy.runtime.callsite.PogoInterceptableSite.call(PogoInterceptableSite.java:46) ~[groovy-4.0.11.jar:4.0.11]
	at org.codehaus.groovy.runtime.callsite.PogoInterceptableSite.callCurrent(PogoInterceptableSite.java:57) ~[groovy-4.0.11.jar:4.0.11]
	at org.codehaus.groovy.runtime.callsite.AbstractCallSite.callCurrent(AbstractCallSite.java:203) ~[groovy-4.0.11.jar:4.0.11]
	at io.restassured.internal.RequestSpecificationImpl.get(RequestSpecificationImpl.groovy:172) ~[rest-assured-5.3.2.jar:?]
	at io.restassured.internal.RequestSpecificationImpl.get(RequestSpecificationImpl.groovy) ~[rest-assured-5.3.2.jar:?]
	at com.example.booking.api.ApiClient.getFreeSlots(ApiClient.java:56) ~[test-classes/:?]
	at com.example.booking.tests.E2E_Booking_Test.getAvailableSlot(E2E_Booking_Test.java:300) ~[test-classes/:?]
	at com.example.booking.tests.E2E_Booking_Test.test_fawryGatewayWithoutCoupon(E2E_Booking_Test.java:159) ~[test-classes/:?]
	at jdk.internal.reflect.DirectMethodHandleAccessor.invoke(DirectMethodHandleAccessor.java:103) ~[?:?]
	at java.lang.reflect.Method.invoke(Method.java:580) ~[?:?]
	at org.testng.internal.invokers.MethodInvocationHelper.invokeMethod(MethodInvocationHelper.java:139) ~[testng-7.8.0.jar:7.8.0]
	at org.testng.internal.invokers.TestInvoker.invokeMethod(TestInvoker.java:664) ~[testng-7.8.0.jar:7.8.0]
	at org.testng.internal.invokers.TestInvoker.invokeTestMethod(TestInvoker.java:227) ~[testng-7.8.0.jar:7.8.0]
	at org.testng.internal.invokers.MethodRunner.runInSequence(MethodRunner.java:50) ~[testng-7.8.0.jar:7.8.0]
	at org.testng.internal.invokers.TestInvoker$MethodInvocationAgent.invoke(TestInvoker.java:957) ~[testng-7.8.0.jar:7.8.0]
	at org.testng.internal.invokers.TestInvoker.invokeTestMethods(TestInvoker.java:200) ~[testng-7.8.0.jar:7.8.0]
	at org.testng.internal.invokers.TestMethodWorker.invokeTestMethods(TestMethodWorker.java:148) ~[testng-7.8.0.jar:7.8.0]
	at org.testng.internal.invokers.TestMethodWorker.run(TestMethodWorker.java:128) ~[testng-7.8.0.jar:7.8.0]
	at java.util.concurrent.ThreadPoolExecutor.runWorker(ThreadPoolExecutor.java:1144) ~[?:?]
	at java.util.concurrent.ThreadPoolExecutor$Worker.run(ThreadPoolExecutor.java:642) ~[?:?]
	at java.lang.Thread.run(Thread.java:1583) [?:?]
13:06:46.480 [TestNG-test=Gateway Tests - Group A-1] ERROR com.example.booking.tests.BaseTest - Fawry gateway test failed: Failed to get free slots
java.lang.RuntimeException: Failed to get free slots
	at com.example.booking.api.ApiClient.getFreeSlots(ApiClient.java:63) ~[test-classes/:?]
	at com.example.booking.tests.E2E_Booking_Test.getAvailableSlot(E2E_Booking_Test.java:300) ~[test-classes/:?]
	at com.example.booking.tests.E2E_Booking_Test.test_fawryGatewayWithoutCoupon(E2E_Booking_Test.java:159) ~[test-classes/:?]
	at jdk.internal.reflect.DirectMethodHandleAccessor.invoke(DirectMethodHandleAccessor.java:103) ~[?:?]
	at java.lang.reflect.Method.invoke(Method.java:580) ~[?:?]
	at org.testng.internal.invokers.MethodInvocationHelper.invokeMethod(MethodInvocationHelper.java:139) ~[testng-7.8.0.jar:7.8.0]
	at org.testng.internal.invokers.TestInvoker.invokeMethod(TestInvoker.java:664) ~[testng-7.8.0.jar:7.8.0]
	at org.testng.internal.invokers.TestInvoker.invokeTestMethod(TestInvoker.java:227) ~[testng-7.8.0.jar:7.8.0]
	at org.testng.internal.invokers.MethodRunner.runInSequence(MethodRunner.java:50) ~[testng-7.8.0.jar:7.8.0]
	at org.testng.internal.invokers.TestInvoker$MethodInvocationAgent.invoke(TestInvoker.java:957) ~[testng-7.8.0.jar:7.8.0]
	at org.testng.internal.invokers.TestInvoker.invokeTestMethods(TestInvoker.java:200) ~[testng-7.8.0.jar:7.8.0]
	at org.testng.internal.invokers.TestMethodWorker.invokeTestMethods(TestMethodWorker.java:148) ~[testng-7.8.0.jar:7.8.0]
	at org.testng.internal.invokers.TestMethodWorker.run(TestMethodWorker.java:128) ~[testng-7.8.0.jar:7.8.0]
	at java.util.concurrent.ThreadPoolExecutor.runWorker(ThreadPoolExecutor.java:1144) ~[?:?]
	at java.util.concurrent.ThreadPoolExecutor$Worker.run(ThreadPoolExecutor.java:642) ~[?:?]
	at java.lang.Thread.run(Thread.java:1583) [?:?]
Caused by: java.lang.NullPointerException
	at java.lang.Class.isAssignableFrom(Native Method) ~[?:?]
	at java_lang_Class$isAssignableFrom$0.call(Unknown Source) ~[?:?]
	at org.codehaus.groovy.runtime.callsite.CallSiteArray.defaultCall(CallSiteArray.java:45) ~[groovy-4.0.11.jar:4.0.11]
	at java_lang_Class$isAssignableFrom$0.call(Unknown Source) ~[?:?]
	at io.restassured.internal.RequestSpecificationImpl$_applyPathParamsAndSendRequest_closure34.doCall(RequestSpecificationImpl.groovy:1697) ~[rest-assured-5.3.2.jar:?]
	at jdk.internal.reflect.DirectMethodHandleAccessor.invoke(DirectMethodHandleAccessor.java:103) ~[?:?]
	at java.lang.reflect.Method.invoke(Method.java:580) ~[?:?]
	at org.codehaus.groovy.reflection.CachedMethod.invoke(CachedMethod.java:343) ~[groovy-4.0.11.jar:4.0.11]
	at groovy.lang.MetaMethod.doMethodInvoke(MetaMethod.java:328) ~[groovy-4.0.11.jar:4.0.11]
	at org.codehaus.groovy.runtime.metaclass.ClosureMetaClass.invokeMethod(ClosureMetaClass.java:279) ~[groovy-4.0.11.jar:4.0.11]
	at groovy.lang.MetaClassImpl.invokeMethod(MetaClassImpl.java:1006) ~[groovy-4.0.11.jar:4.0.11]
	at org.codehaus.groovy.runtime.callsite.PogoMetaClassSite.call(PogoMetaClassSite.java:39) ~[groovy-4.0.11.jar:4.0.11]
	at org.codehaus.groovy.runtime.callsite.BooleanReturningMethodInvoker.invoke(BooleanReturningMethodInvoker.java:49) ~[groovy-4.0.11.jar:4.0.11]
	at org.codehaus.groovy.runtime.callsite.BooleanClosureWrapper.call(BooleanClosureWrapper.java:52) ~[groovy-4.0.11.jar:4.0.11]
	at org.codehaus.groovy.runtime.DefaultGroovyMethods.any(DefaultGroovyMethods.java:2718) ~[groovy-4.0.11.jar:4.0.11]
	at org.codehaus.groovy.runtime.DefaultGroovyMethods.any(DefaultGroovyMethods.java:2737) ~[groovy-4.0.11.jar:4.0.11]
	at org.codehaus.groovy.runtime.dgm$14.invoke(Unknown Source) ~[groovy-4.0.11.jar:4.0.11]
	at org.codehaus.groovy.runtime.callsite.PojoMetaMethodSite$PojoMetaMethodSiteNoUnwrapNoCoerce.invoke(PojoMetaMethodSite.java:253) ~[groovy-4.0.11.jar:4.0.11]
	at org.codehaus.groovy.runtime.callsite.PojoMetaMethodSite.call(PojoMetaMethodSite.java:57) ~[groovy-4.0.11.jar:4.0.11]
	at org.codehaus.groovy.runtime.callsite.AbstractCallSite.call(AbstractCallSite.java:139) ~[groovy-4.0.11.jar:4.0.11]
	at io.restassured.internal.RequestSpecificationImpl.applyPathParamsAndSendRequest(RequestSpecificationImpl.groovy:1697) ~[rest-assured-5.3.2.jar:?]
	at io.restassured.internal.RequestSpecificationImpl.this$2$applyPathParamsAndSendRequest(RequestSpecificationImpl.groovy) ~[rest-assured-5.3.2.jar:?]
	at jdk.internal.reflect.DirectMethodHandleAccessor.invoke(DirectMethodHandleAccessor.java:103) ~[?:?]
	at java.lang.reflect.Method.invoke(Method.java:580) ~[?:?]
	at org.codehaus.groovy.reflection.CachedMethod.invoke(CachedMethod.java:343) ~[groovy-4.0.11.jar:4.0.11]
	at groovy.lang.MetaMethod.doMethodInvoke(MetaMethod.java:328) ~[groovy-4.0.11.jar:4.0.11]
	at groovy.lang.MetaClassImpl.doInvokeMethod(MetaClassImpl.java:1331) ~[groovy-4.0.11.jar:4.0.11]
	at groovy.lang.MetaClassImpl.invokeMethod(MetaClassImpl.java:1086) ~[groovy-4.0.11.jar:4.0.11]
	at groovy.lang.MetaClassImpl.invokeMethod(MetaClassImpl.java:1006) ~[groovy-4.0.11.jar:4.0.11]
	at groovy.lang.MetaClassImpl.invokeMethod(MetaClassImpl.java:789) ~[groovy-4.0.11.jar:4.0.11]
	at io.restassured.internal.RequestSpecificationImpl.invokeMethod(RequestSpecificationImpl.groovy) ~[rest-assured-5.3.2.jar:?]
	at org.codehaus.groovy.runtime.callsite.PogoInterceptableSite.call(PogoInterceptableSite.java:46) ~[groovy-4.0.11.jar:4.0.11]
	at org.codehaus.groovy.runtime.callsite.PogoInterceptableSite.callCurrent(PogoInterceptableSite.java:57) ~[groovy-4.0.11.jar:4.0.11]
	at org.codehaus.groovy.runtime.callsite.AbstractCallSite.callCurrent(AbstractCallSite.java:203) ~[groovy-4.0.11.jar:4.0.11]
	at io.restassured.internal.RequestSpecificationImpl.applyPathParamsAndSendRequest(RequestSpecificationImpl.groovy:1710) ~[rest-assured-5.3.2.jar:?]
	at io.restassured.internal.RequestSpecificationImpl.this$2$applyPathParamsAndSendRequest(RequestSpecificationImpl.groovy) ~[rest-assured-5.3.2.jar:?]
	at jdk.internal.reflect.DirectMethodHandleAccessor.invoke(DirectMethodHandleAccessor.java:103) ~[?:?]
	at java.lang.reflect.Method.invoke(Method.java:580) ~[?:?]
	at org.codehaus.groovy.reflection.CachedMethod.invoke(CachedMethod.java:343) ~[groovy-4.0.11.jar:4.0.11]
	at groovy.lang.MetaMethod.doMethodInvoke(MetaMethod.java:328) ~[groovy-4.0.11.jar:4.0.11]
	at groovy.lang.MetaClassImpl.doInvokeMethod(MetaClassImpl.java:1331) ~[groovy-4.0.11.jar:4.0.11]
	at groovy.lang.MetaClassImpl.invokeMethod(MetaClassImpl.java:1086) ~[groovy-4.0.11.jar:4.0.11]
	at groovy.lang.MetaClassImpl.invokeMethod(MetaClassImpl.java:1006) ~[groovy-4.0.11.jar:4.0.11]
	at groovy.lang.MetaClassImpl.invokeMethod(MetaClassImpl.java:789) ~[groovy-4.0.11.jar:4.0.11]
	at io.restassured.internal.RequestSpecificationImpl.invokeMethod(RequestSpecificationImpl.groovy) ~[rest-assured-5.3.2.jar:?]
	at org.codehaus.groovy.runtime.callsite.PogoInterceptableSite.call(PogoInterceptableSite.java:46) ~[groovy-4.0.11.jar:4.0.11]
	at org.codehaus.groovy.runtime.callsite.PogoInterceptableSite.callCurrent(PogoInterceptableSite.java:57) ~[groovy-4.0.11.jar:4.0.11]
	at org.codehaus.groovy.runtime.callsite.AbstractCallSite.callCurrent(AbstractCallSite.java:203) ~[groovy-4.0.11.jar:4.0.11]
	at io.restassured.internal.RequestSpecificationImpl.get(RequestSpecificationImpl.groovy:172) ~[rest-assured-5.3.2.jar:?]
	at io.restassured.internal.RequestSpecificationImpl.get(RequestSpecificationImpl.groovy) ~[rest-assured-5.3.2.jar:?]
	at com.example.booking.api.ApiClient.getFreeSlots(ApiClient.java:56) ~[test-classes/:?]
	... 15 more
]]></system-out>
  </testcase>
  <testcase name="test_gatewayWithPartialCoupon" classname="com.example.booking.tests.E2E_Booking_Test" time="0.018">
    <failure message="Test failed: Failed to get free slots" type="java.lang.AssertionError"><![CDATA[java.lang.AssertionError: Test failed: Failed to get free slots
	at org.testng.Assert.fail(Assert.java:111)
	at com.example.booking.tests.E2E_Booking_Test.test_gatewayWithPartialCoupon(E2E_Booking_Test.java:242)
	at java.base/jdk.internal.reflect.DirectMethodHandleAccessor.invoke(DirectMethodHandleAccessor.java:103)
	at java.base/java.lang.reflect.Method.invoke(Method.java:580)
	at org.testng.internal.invokers.MethodInvocationHelper.invokeMethod(MethodInvocationHelper.java:139)
	at org.testng.internal.invokers.TestInvoker.invokeMethod(TestInvoker.java:664)
	at org.testng.internal.invokers.TestInvoker.invokeTestMethod(TestInvoker.java:227)
	at org.testng.internal.invokers.MethodRunner.runInSequence(MethodRunner.java:50)
	at org.testng.internal.invokers.TestInvoker$MethodInvocationAgent.invoke(TestInvoker.java:957)
	at org.testng.internal.invokers.TestInvoker.invokeTestMethods(TestInvoker.java:200)
	at org.testng.internal.invokers.TestMethodWorker.invokeTestMethods(TestMethodWorker.java:148)
	at org.testng.internal.invokers.TestMethodWorker.run(TestMethodWorker.java:128)
	at java.base/java.util.concurrent.ThreadPoolExecutor.runWorker(ThreadPoolExecutor.java:1144)
	at java.base/java.util.concurrent.ThreadPoolExecutor$Worker.run(ThreadPoolExecutor.java:642)
	at java.base/java.lang.Thread.run(Thread.java:1583)
]]></failure>
    <system-out><![CDATA[13:06:46.517 [TestNG-test=Coupon Tests - Group B-1] INFO  com.example.booking.tests.BaseTest - Starting partial coupon test
13:06:46.518 [TestNG-test=Coupon Tests - Group B-1] INFO  com.example.booking.api.ApiClient - Getting free slots
13:06:46.520 [TestNG-test=Coupon Tests - Group B-2] INFO  com.example.booking.tests.BaseTest - Starting 100% coupon test
13:06:46.523 [TestNG-test=Coupon Tests - Group B-2] INFO  com.example.booking.api.ApiClient - Getting free slots
13:06:46.524 [TestNG-test=Coupon Tests - Group B-1] ERROR com.example.booking.api.ApiClient - Error getting free slots: null
java.lang.NullPointerException: null
	at java.lang.Class.isAssignableFrom(Native Method) ~[?:?]
	at java_lang_Class$isAssignableFrom$0.call(Unknown Source) ~[?:?]
	at org.codehaus.groovy.runtime.callsite.CallSiteArray.defaultCall(CallSiteArray.java:45) ~[groovy-4.0.11.jar:4.0.11]
	at java_lang_Class$isAssignableFrom$0.call(Unknown Source) ~[?:?]
	at io.restassured.internal.RequestSpecificationImpl$_applyPathParamsAndSendRequest_closure34.doCall(RequestSpecificationImpl.groovy:1697) ~[rest-assured-5.3.2.jar:?]
	at jdk.internal.reflect.DirectMethodHandleAccessor.invoke(DirectMethodHandleAccessor.java:103) ~[?:?]
	at java.lang.reflect.Method.invoke(Method.java:580) ~[?:?]
	at org.codehaus.groovy.reflection.CachedMethod.invoke(CachedMethod.java:343) ~[groovy-4.0.11.jar:4.0.11]
	at groovy.lang.MetaMethod.doMethodInvoke(MetaMethod.java:328) ~[groovy-4.0.11.jar:4.0.11]
	at org.codehaus.groovy.runtime.metaclass.ClosureMetaClass.invokeMethod(ClosureMetaClass.java:279) ~[groovy-4.0.11.jar:4.0.11]
	at groovy.lang.MetaClassImpl.invokeMethod(MetaClassImpl.java:1006) ~[groovy-4.0.11.jar:4.0.11]
	at org.codehaus.groovy.runtime.callsite.PogoMetaClassSite.call(PogoMetaClassSite.java:39) ~[groovy-4.0.11.jar:4.0.11]
	at org.codehaus.groovy.runtime.callsite.BooleanReturningMethodInvoker.invoke(BooleanReturningMethodInvoker.java:49) ~[groovy-4.0.11.jar:4.0.11]
	at org.codehaus.groovy.runtime.callsite.BooleanClosureWrapper.call(BooleanClosureWrapper.java:52) ~[groovy-4.0.11.jar:4.0.11]
	at org.codehaus.groovy.runtime.DefaultGroovyMethods.any(DefaultGroovyMethods.java:2718) ~[groovy-4.0.11.jar:4.0.11]
	at org.codehaus.groovy.runtime.DefaultGroovyMethods.any(DefaultGroovyMethods.java:2737) ~[groovy-4.0.11.jar:4.0.11]
	at org.codehaus.groovy.runtime.dgm$14.invoke(Unknown Source) ~[groovy-4.0.11.jar:4.0.11]
	at org.codehaus.groovy.runtime.callsite.PojoMetaMethodSite$PojoMetaMethodSiteNoUnwrapNoCoerce.invoke(PojoMetaMethodSite.java:253) ~[groovy-4.0.11.jar:4.0.11]
	at org.codehaus.groovy.runtime.callsite.PojoMetaMethodSite.call(PojoMetaMethodSite.java:57) ~[groovy-4.0.11.jar:4.0.11]
	at org.codehaus.groovy.runtime.callsite.AbstractCallSite.call(AbstractCallSite.java:139) ~[groovy-4.0.11.jar:4.0.11]
	at io.restassured.internal.RequestSpecificationImpl.applyPathParamsAndSendRequest(RequestSpecificationImpl.groovy:1697) ~[rest-assured-5.3.2.jar:?]
	at io.restassured.internal.RequestSpecificationImpl.this$2$applyPathParamsAndSendRequest(RequestSpecificationImpl.groovy) ~[rest-assured-5.3.2.jar:?]
	at jdk.internal.reflect.DirectMethodHandleAccessor.invoke(DirectMethodHandleAccessor.java:103) ~[?:?]
	at java.lang.reflect.Method.invoke(Method.java:580) ~[?:?]
	at org.codehaus.groovy.reflection.CachedMethod.invoke(CachedMethod.java:343) ~[groovy-4.0.11.jar:4.0.11]
	at groovy.lang.MetaMethod.doMethodInvoke(MetaMethod.java:328) ~[groovy-4.0.11.jar:4.0.11]
	at groovy.lang.MetaClassImpl.doInvokeMethod(MetaClassImpl.java:1331) ~[groovy-4.0.11.jar:4.0.11]
	at groovy.lang.MetaClassImpl.invokeMethod(MetaClassImpl.java:1086) ~[groovy-4.0.11.jar:4.0.11]
	at groovy.lang.MetaClassImpl.invokeMethod(MetaClassImpl.java:1006) ~[groovy-4.0.11.jar:4.0.11]
	at groovy.lang.MetaClassImpl.invokeMethod(MetaClassImpl.java:789) ~[groovy-4.0.11.jar:4.0.11]
	at io.restassured.internal.RequestSpecificationImpl.invokeMethod(RequestSpecificationImpl.groovy) ~[rest-assured-5.3.2.jar:?]
	at org.codehaus.groovy.runtime.callsite.PogoInterceptableSite.call(PogoInterceptableSite.java:46) ~[groovy-4.0.11.jar:4.0.11]
	at org.codehaus.groovy.runtime.callsite.PogoInterceptableSite.callCurrent(PogoInterceptableSite.java:57) ~[groovy-4.0.11.jar:4.0.11]
	at org.codehaus.groovy.runtime.callsite.AbstractCallSite.callCurrent(AbstractCallSite.java:203) ~[groovy-4.0.11.jar:4.0.11]
	at io.restassured.internal.RequestSpecificationImpl.applyPathParamsAndSendRequest(RequestSpecificationImpl.groovy:1710) ~[rest-assured-5.3.2.jar:?]
	at io.restassured.internal.RequestSpecificationImpl.this$2$applyPathParamsAndSendRequest(RequestSpecificationImpl.groovy) ~[rest-assured-5.3.2.jar:?]
	at jdk.internal.reflect.DirectMethodHandleAccessor.invoke(DirectMethodHandleAccessor.java:103) ~[?:?]
	at java.lang.reflect.Method.invoke(Method.java:580) ~[?:?]
	at org.codehaus.groovy.reflection.CachedMethod.invoke(CachedMethod.java:343) ~[groovy-4.0.11.jar:4.0.11]
	at groovy.lang.MetaMethod.doMethodInvoke(MetaMethod.java:328) ~[groovy-4.0.11.jar:4.0.11]
	at groovy.lang.MetaClassImpl.doInvokeMethod(MetaClassImpl.java:1331) ~[groovy-4.0.11.jar:4.0.11]
	at groovy.lang.MetaClassImpl.invokeMethod(MetaClassImpl.java:1086) ~[groovy-4.0.11.jar:4.0.11]
	at groovy.lang.MetaClassImpl.invokeMethod(MetaClassImpl.java:1006) ~[groovy-4.0.11.jar:4.0.11]
	at groovy.lang.MetaClassImpl.invokeMethod(MetaClassImpl.java:789) ~[groovy-4.0.11.jar:4.0.11]
	at io.restassured.internal.RequestSpecificationImpl.invokeMethod(RequestSpecificationImpl.groovy) ~[rest-assured-5.3.2.jar:?]
	at org.codehaus.groovy.runtime.callsite.PogoInterceptableSite.call(PogoInterceptableSite.java:46) ~[groovy-4.0.11.jar:4.0.11]
	at org.codehaus.groovy.runtime.callsite.PogoInterceptableSite.callCurrent(PogoInterceptableSite.java:57) ~[groovy-4.0.11.jar:4.0.11]
	at org.codehaus.groovy.runtime.callsite.AbstractCallSite.callCurrent(AbstractCallSite.java:203) ~[groovy-4.0.11.jar:4.0.11]
	at io.restassured.internal.RequestSpecificationImpl.get(RequestSpecificationImpl.groovy:172) ~[rest-assured-5.3.2.jar:?]
	at io.restassured.internal.RequestSpecificationImpl.get(RequestSpecificationImpl.groovy) ~[rest-assured-5.3.2.jar:?]
	at com.example.booking.api.ApiClient.getFreeSlots(ApiClient.java:56) ~[test-classes/:?]
	at com.example.booking.tests.E2E_Booking_Test.getAvailableSlot(E2E_Booking_Test.java:300) ~[test-classes/:?]
	at com.example.booking.tests.E2E_Booking_Test.test_gatewayWithPartialCoupon(E2E_Booking_Test.java:205) ~[test-classes/:?]
	at jdk.internal.reflect.DirectMethodHandleAccessor.invoke(DirectMethodHandleAccessor.java:103) ~[?:?]
	at java.lang.reflect.Method.invoke(Method.java:580) ~[?:?]
	at org.testng.internal.invokers.MethodInvocationHelper.invokeMethod(MethodInvocationHelper.java:139) ~[testng-7.8.0.jar:7.8.0]
	at org.testng.internal.invokers.TestInvoker.invokeMethod(TestInvoker.java:664) ~[testng-7.8.0.jar:7.8.0]
	at org.testng.internal.invokers.TestInvoker.invokeTestMethod(TestInvoker.java:227) ~[testng-7.8.0.jar:7.8.0]
	at org.testng.internal.invokers.MethodRunner.runInSequence(MethodRunner.java:50) ~[testng-7.8.0.jar:7.8.0]
	at org.testng.internal.invokers.TestInvoker$MethodInvocationAgent.invoke(TestInvoker.java:957) ~[testng-7.8.0.jar:7.8.0]
	at org.testng.internal.invokers.TestInvoker.invokeTestMethods(TestInvoker.java:200) ~[testng-7.8.0.jar:7.8.0]
	at org.testng.internal.invokers.TestMethodWorker.invokeTestMethods(TestMethodWorker.java:148) ~[testng-7.8.0.jar:7.8.0]
	at org.testng.internal.invokers.TestMethodWorker.run(TestMethodWorker.java:128) ~[testng-7.8.0.jar:7.8.0]
	at java.util.concurrent.ThreadPoolExecutor.runWorker(ThreadPoolExecutor.java:1144) ~[?:?]
	at java.util.concurrent.ThreadPoolExecutor$Worker.run(ThreadPoolExecutor.java:642) ~[?:?]
	at java.lang.Thread.run(Thread.java:1583) [?:?]
13:06:46.527 [TestNG-test=Coupon Tests - Group B-2] ERROR com.example.booking.api.ApiClient - Error getting free slots: null
java.lang.NullPointerException: null
	at java.lang.Class.isAssignableFrom(Native Method) ~[?:?]
	at java_lang_Class$isAssignableFrom$0.call(Unknown Source) ~[?:?]
	at org.codehaus.groovy.runtime.callsite.CallSiteArray.defaultCall(CallSiteArray.java:45) ~[groovy-4.0.11.jar:4.0.11]
	at java_lang_Class$isAssignableFrom$0.call(Unknown Source) ~[?:?]
	at io.restassured.internal.RequestSpecificationImpl$_applyPathParamsAndSendRequest_closure34.doCall(RequestSpecificationImpl.groovy:1697) ~[rest-assured-5.3.2.jar:?]
	at jdk.internal.reflect.DirectMethodHandleAccessor.invoke(DirectMethodHandleAccessor.java:103) ~[?:?]
	at java.lang.reflect.Method.invoke(Method.java:580) ~[?:?]
	at org.codehaus.groovy.reflection.CachedMethod.invoke(CachedMethod.java:343) ~[groovy-4.0.11.jar:4.0.11]
	at groovy.lang.MetaMethod.doMethodInvoke(MetaMethod.java:328) ~[groovy-4.0.11.jar:4.0.11]
	at org.codehaus.groovy.runtime.metaclass.ClosureMetaClass.invokeMethod(ClosureMetaClass.java:279) ~[groovy-4.0.11.jar:4.0.11]
	at groovy.lang.MetaClassImpl.invokeMethod(MetaClassImpl.java:1006) ~[groovy-4.0.11.jar:4.0.11]
	at org.codehaus.groovy.runtime.callsite.PogoMetaClassSite.call(PogoMetaClassSite.java:39) ~[groovy-4.0.11.jar:4.0.11]
	at org.codehaus.groovy.runtime.callsite.BooleanReturningMethodInvoker.invoke(BooleanReturningMethodInvoker.java:49) ~[groovy-4.0.11.jar:4.0.11]
	at org.codehaus.groovy.runtime.callsite.BooleanClosureWrapper.call(BooleanClosureWrapper.java:52) ~[groovy-4.0.11.jar:4.0.11]
	at org.codehaus.groovy.runtime.DefaultGroovyMethods.any(DefaultGroovyMethods.java:2718) ~[groovy-4.0.11.jar:4.0.11]
	at org.codehaus.groovy.runtime.DefaultGroovyMethods.any(DefaultGroovyMethods.java:2737) ~[groovy-4.0.11.jar:4.0.11]
	at org.codehaus.groovy.runtime.dgm$14.invoke(Unknown Source) ~[groovy-4.0.11.jar:4.0.11]
	at org.codehaus.groovy.runtime.callsite.PojoMetaMethodSite$PojoMetaMethodSiteNoUnwrapNoCoerce.invoke(PojoMetaMethodSite.java:253) ~[groovy-4.0.11.jar:4.0.11]
	at org.codehaus.groovy.runtime.callsite.PojoMetaMethodSite.call(PojoMetaMethodSite.java:57) ~[groovy-4.0.11.jar:4.0.11]
	at org.codehaus.groovy.runtime.callsite.AbstractCallSite.call(AbstractCallSite.java:139) ~[groovy-4.0.11.jar:4.0.11]
	at io.restassured.internal.RequestSpecificationImpl.applyPathParamsAndSendRequest(RequestSpecificationImpl.groovy:1697) ~[rest-assured-5.3.2.jar:?]
	at io.restassured.internal.RequestSpecificationImpl.this$2$applyPathParamsAndSendRequest(RequestSpecificationImpl.groovy) ~[rest-assured-5.3.2.jar:?]
	at jdk.internal.reflect.DirectMethodHandleAccessor.invoke(DirectMethodHandleAccessor.java:103) ~[?:?]
	at java.lang.reflect.Method.invoke(Method.java:580) ~[?:?]
	at org.codehaus.groovy.reflection.CachedMethod.invoke(CachedMethod.java:343) ~[groovy-4.0.11.jar:4.0.11]
	at groovy.lang.MetaMethod.doMethodInvoke(MetaMethod.java:328) ~[groovy-4.0.11.jar:4.0.11]
	at groovy.lang.MetaClassImpl.doInvokeMethod(MetaClassImpl.java:1331) ~[groovy-4.0.11.jar:4.0.11]
	at groovy.lang.MetaClassImpl.invokeMethod(MetaClassImpl.java:1086) ~[groovy-4.0.11.jar:4.0.11]
	at groovy.lang.MetaClassImpl.invokeMethod(MetaClassImpl.java:1006) ~[groovy-4.0.11.jar:4.0.11]
	at groovy.lang.MetaClassImpl.invokeMethod(MetaClassImpl.java:789) ~[groovy-4.0.11.jar:4.0.11]
	at io.restassured.internal.RequestSpecificationImpl.invokeMethod(RequestSpecificationImpl.groovy) ~[rest-assured-5.3.2.jar:?]
	at org.codehaus.groovy.runtime.callsite.PogoInterceptableSite.call(PogoInterceptableSite.java:46) ~[groovy-4.0.11.jar:4.0.11]
	at org.codehaus.groovy.runtime.callsite.PogoInterceptableSite.callCurrent(PogoInterceptableSite.java:57) ~[groovy-4.0.11.jar:4.0.11]
	at org.codehaus.groovy.runtime.callsite.AbstractCallSite.callCurrent(AbstractCallSite.java:203) ~[groovy-4.0.11.jar:4.0.11]
	at io.restassured.internal.RequestSpecificationImpl.applyPathParamsAndSendRequest(RequestSpecificationImpl.groovy:1710) ~[rest-assured-5.3.2.jar:?]
	at io.restassured.internal.RequestSpecificationImpl.this$2$applyPathParamsAndSendRequest(RequestSpecificationImpl.groovy) ~[rest-assured-5.3.2.jar:?]
	at jdk.internal.reflect.DirectMethodHandleAccessor.invoke(DirectMethodHandleAccessor.java:103) ~[?:?]
	at java.lang.reflect.Method.invoke(Method.java:580) ~[?:?]
	at org.codehaus.groovy.reflection.CachedMethod.invoke(CachedMethod.java:343) ~[groovy-4.0.11.jar:4.0.11]
	at groovy.lang.MetaMethod.doMethodInvoke(MetaMethod.java:328) ~[groovy-4.0.11.jar:4.0.11]
	at groovy.lang.MetaClassImpl.doInvokeMethod(MetaClassImpl.java:1331) ~[groovy-4.0.11.jar:4.0.11]
	at groovy.lang.MetaClassImpl.invokeMethod(MetaClassImpl.java:1086) ~[groovy-4.0.11.jar:4.0.11]
	at groovy.lang.MetaClassImpl.invokeMethod(MetaClassImpl.java:1006) ~[groovy-4.0.11.jar:4.0.11]
	at groovy.lang.MetaClassImpl.invokeMethod(MetaClassImpl.java:789) ~[groovy-4.0.11.jar:4.0.11]
	at io.restassured.internal.RequestSpecificationImpl.invokeMethod(RequestSpecificationImpl.groovy) ~[rest-assured-5.3.2.jar:?]
	at org.codehaus.groovy.runtime.callsite.PogoInterceptableSite.call(PogoInterceptableSite.java:46) ~[groovy-4.0.11.jar:4.0.11]
	at org.codehaus.groovy.runtime.callsite.PogoInterceptableSite.callCurrent(PogoInterceptableSite.java:57) ~[groovy-4.0.11.jar:4.0.11]
	at org.codehaus.groovy.runtime.callsite.AbstractCallSite.callCurrent(AbstractCallSite.java:203) ~[groovy-4.0.11.jar:4.0.11]
	at io.restassured.internal.RequestSpecificationImpl.get(RequestSpecificationImpl.groovy:172) ~[rest-assured-5.3.2.jar:?]
	at io.restassured.internal.RequestSpecificationImpl.get(RequestSpecificationImpl.groovy) ~[rest-assured-5.3.2.jar:?]
	at com.example.booking.api.ApiClient.getFreeSlots(ApiClient.java:56) ~[test-classes/:?]
	at com.example.booking.tests.E2E_Booking_Test.getAvailableSlot(E2E_Booking_Test.java:300) ~[test-classes/:?]
	at com.example.booking.tests.E2E_Booking_Test.test_100PercentCoupon(E2E_Booking_Test.java:256) ~[test-classes/:?]
	at jdk.internal.reflect.DirectMethodHandleAccessor.invoke(DirectMethodHandleAccessor.java:103) ~[?:?]
	at java.lang.reflect.Method.invoke(Method.java:580) ~[?:?]
	at org.testng.internal.invokers.MethodInvocationHelper.invokeMethod(MethodInvocationHelper.java:139) ~[testng-7.8.0.jar:7.8.0]
	at org.testng.internal.invokers.TestInvoker.invokeMethod(TestInvoker.java:664) ~[testng-7.8.0.jar:7.8.0]
	at org.testng.internal.invokers.TestInvoker.invokeTestMethod(TestInvoker.java:227) ~[testng-7.8.0.jar:7.8.0]
	at org.testng.internal.invokers.MethodRunner.runInSequence(MethodRunner.java:50) ~[testng-7.8.0.jar:7.8.0]
	at org.testng.internal.invokers.TestInvoker$MethodInvocationAgent.invoke(TestInvoker.java:957) ~[testng-7.8.0.jar:7.8.0]
	at org.testng.internal.invokers.TestInvoker.invokeTestMethods(TestInvoker.java:200) ~[testng-7.8.0.jar:7.8.0]
	at org.testng.internal.invokers.TestMethodWorker.invokeTestMethods(TestMethodWorker.java:148) ~[testng-7.8.0.jar:7.8.0]
	at org.testng.internal.invokers.TestMethodWorker.run(TestMethodWorker.java:128) ~[testng-7.8.0.jar:7.8.0]
	at java.util.concurrent.ThreadPoolExecutor.runWorker(ThreadPoolExecutor.java:1144) ~[?:?]
	at java.util.concurrent.ThreadPoolExecutor$Worker.run(ThreadPoolExecutor.java:642) ~[?:?]
	at java.lang.Thread.run(Thread.java:1583) [?:?]
13:06:46.528 [TestNG-test=Coupon Tests - Group B-1] ERROR com.example.booking.tests.BaseTest - Partial coupon test failed: Failed to get free slots
java.lang.RuntimeException: Failed to get free slots
	at com.example.booking.api.ApiClient.getFreeSlots(ApiClient.java:63) ~[test-classes/:?]
	at com.example.booking.tests.E2E_Booking_Test.getAvailableSlot(E2E_Booking_Test.java:300) ~[test-classes/:?]
	at com.example.booking.tests.E2E_Booking_Test.test_gatewayWithPartialCoupon(E2E_Booking_Test.java:205) ~[test-classes/:?]
	at jdk.internal.reflect.DirectMethodHandleAccessor.invoke(DirectMethodHandleAccessor.java:103) ~[?:?]
	at java.lang.reflect.Method.invoke(Method.java:580) ~[?:?]
	at org.testng.internal.invokers.MethodInvocationHelper.invokeMethod(MethodInvocationHelper.java:139) ~[testng-7.8.0.jar:7.8.0]
	at org.testng.internal.invokers.TestInvoker.invokeMethod(TestInvoker.java:664) ~[testng-7.8.0.jar:7.8.0]
	at org.testng.internal.invokers.TestInvoker.invokeTestMethod(TestInvoker.java:227) ~[testng-7.8.0.jar:7.8.0]
	at org.testng.internal.invokers.MethodRunner.runInSequence(MethodRunner.java:50) ~[testng-7.8.0.jar:7.8.0]
	at org.testng.internal.invokers.TestInvoker$MethodInvocationAgent.invoke(TestInvoker.java:957) ~[testng-7.8.0.jar:7.8.0]
	at org.testng.internal.invokers.TestInvoker.invokeTestMethods(TestInvoker.java:200) ~[testng-7.8.0.jar:7.8.0]
	at org.testng.internal.invokers.TestMethodWorker.invokeTestMethods(TestMethodWorker.java:148) ~[testng-7.8.0.jar:7.8.0]
	at org.testng.internal.invokers.TestMethodWorker.run(TestMethodWorker.java:128) ~[testng-7.8.0.jar:7.8.0]
	at java.util.concurrent.ThreadPoolExecutor.runWorker(ThreadPoolExecutor.java:1144) ~[?:?]
	at java.util.concurrent.ThreadPoolExecutor$Worker.run(ThreadPoolExecutor.java:642) ~[?:?]
	at java.lang.Thread.run(Thread.java:1583) [?:?]
Caused by: java.lang.NullPointerException
	at java.lang.Class.isAssignableFrom(Native Method) ~[?:?]
	at java_lang_Class$isAssignableFrom$0.call(Unknown Source) ~[?:?]
	at org.codehaus.groovy.runtime.callsite.CallSiteArray.defaultCall(CallSiteArray.java:45) ~[groovy-4.0.11.jar:4.0.11]
	at java_lang_Class$isAssignableFrom$0.call(Unknown Source) ~[?:?]
	at io.restassured.internal.RequestSpecificationImpl$_applyPathParamsAndSendRequest_closure34.doCall(RequestSpecificationImpl.groovy:1697) ~[rest-assured-5.3.2.jar:?]
	at jdk.internal.reflect.DirectMethodHandleAccessor.invoke(DirectMethodHandleAccessor.java:103) ~[?:?]
	at java.lang.reflect.Method.invoke(Method.java:580) ~[?:?]
	at org.codehaus.groovy.reflection.CachedMethod.invoke(CachedMethod.java:343) ~[groovy-4.0.11.jar:4.0.11]
	at groovy.lang.MetaMethod.doMethodInvoke(MetaMethod.java:328) ~[groovy-4.0.11.jar:4.0.11]
	at org.codehaus.groovy.runtime.metaclass.ClosureMetaClass.invokeMethod(ClosureMetaClass.java:279) ~[groovy-4.0.11.jar:4.0.11]
	at groovy.lang.MetaClassImpl.invokeMethod(MetaClassImpl.java:1006) ~[groovy-4.0.11.jar:4.0.11]
	at org.codehaus.groovy.runtime.callsite.PogoMetaClassSite.call(PogoMetaClassSite.java:39) ~[groovy-4.0.11.jar:4.0.11]
	at org.codehaus.groovy.runtime.callsite.BooleanReturningMethodInvoker.invoke(BooleanReturningMethodInvoker.java:49) ~[groovy-4.0.11.jar:4.0.11]
	at org.codehaus.groovy.runtime.callsite.BooleanClosureWrapper.call(BooleanClosureWrapper.java:52) ~[groovy-4.0.11.jar:4.0.11]
	at org.codehaus.groovy.runtime.DefaultGroovyMethods.any(DefaultGroovyMethods.java:2718) ~[groovy-4.0.11.jar:4.0.11]
	at org.codehaus.groovy.runtime.DefaultGroovyMethods.any(DefaultGroovyMethods.java:2737) ~[groovy-4.0.11.jar:4.0.11]
	at org.codehaus.groovy.runtime.dgm$14.invoke(Unknown Source) ~[groovy-4.0.11.jar:4.0.11]
	at org.codehaus.groovy.runtime.callsite.PojoMetaMethodSite$PojoMetaMethodSiteNoUnwrapNoCoerce.invoke(PojoMetaMethodSite.java:253) ~[groovy-4.0.11.jar:4.0.11]
	at org.codehaus.groovy.runtime.callsite.PojoMetaMethodSite.call(PojoMetaMethodSite.java:57) ~[groovy-4.0.11.jar:4.0.11]
	at org.codehaus.groovy.runtime.callsite.AbstractCallSite.call(AbstractCallSite.java:139) ~[groovy-4.0.11.jar:4.0.11]
	at io.restassured.internal.RequestSpecificationImpl.applyPathParamsAndSendRequest(RequestSpecificationImpl.groovy:1697) ~[rest-assured-5.3.2.jar:?]
	at io.restassured.internal.RequestSpecificationImpl.this$2$applyPathParamsAndSendRequest(RequestSpecificationImpl.groovy) ~[rest-assured-5.3.2.jar:?]
	at jdk.internal.reflect.DirectMethodHandleAccessor.invoke(DirectMethodHandleAccessor.java:103) ~[?:?]
	at java.lang.reflect.Method.invoke(Method.java:580) ~[?:?]
	at org.codehaus.groovy.reflection.CachedMethod.invoke(CachedMethod.java:343) ~[groovy-4.0.11.jar:4.0.11]
	at groovy.lang.MetaMethod.doMethodInvoke(MetaMethod.java:328) ~[groovy-4.0.11.jar:4.0.11]
	at groovy.lang.MetaClassImpl.doInvokeMethod(MetaClassImpl.java:1331) ~[groovy-4.0.11.jar:4.0.11]
	at groovy.lang.MetaClassImpl.invokeMethod(MetaClassImpl.java:1086) ~[groovy-4.0.11.jar:4.0.11]
	at groovy.lang.MetaClassImpl.invokeMethod(MetaClassImpl.java:1006) ~[groovy-4.0.11.jar:4.0.11]
	at groovy.lang.MetaClassImpl.invokeMethod(MetaClassImpl.java:789) ~[groovy-4.0.11.jar:4.0.11]
	at io.restassured.internal.RequestSpecificationImpl.invokeMethod(RequestSpecificationImpl.groovy) ~[rest-assured-5.3.2.jar:?]
	at org.codehaus.groovy.runtime.callsite.PogoInterceptableSite.call(PogoInterceptableSite.java:46) ~[groovy-4.0.11.jar:4.0.11]
	at org.codehaus.groovy.runtime.callsite.PogoInterceptableSite.callCurrent(PogoInterceptableSite.java:57) ~[groovy-4.0.11.jar:4.0.11]
	at org.codehaus.groovy.runtime.callsite.AbstractCallSite.callCurrent(AbstractCallSite.java:203) ~[groovy-4.0.11.jar:4.0.11]
	at io.restassured.internal.RequestSpecificationImpl.applyPathParamsAndSendRequest(RequestSpecificationImpl.groovy:1710) ~[rest-assured-5.3.2.jar:?]
	at io.restassured.internal.RequestSpecificationImpl.this$2$applyPathParamsAndSendRequest(RequestSpecificationImpl.groovy) ~[rest-assured-5.3.2.jar:?]
	at jdk.internal.reflect.DirectMethodHandleAccessor.invoke(DirectMethodHandleAccessor.java:103) ~[?:?]
	at java.lang.reflect.Method.invoke(Method.java:580) ~[?:?]
	at org.codehaus.groovy.reflection.CachedMethod.invoke(CachedMethod.java:343) ~[groovy-4.0.11.jar:4.0.11]
	at groovy.lang.MetaMethod.doMethodInvoke(MetaMethod.java:328) ~[groovy-4.0.11.jar:4.0.11]
	at groovy.lang.MetaClassImpl.doInvokeMethod(MetaClassImpl.java:1331) ~[groovy-4.0.11.jar:4.0.11]
	at groovy.lang.MetaClassImpl.invokeMethod(MetaClassImpl.java:1086) ~[groovy-4.0.11.jar:4.0.11]
	at groovy.lang.MetaClassImpl.invokeMethod(MetaClassImpl.java:1006) ~[groovy-4.0.11.jar:4.0.11]
	at groovy.lang.MetaClassImpl.invokeMethod(MetaClassImpl.java:789) ~[groovy-4.0.11.jar:4.0.11]
	at io.restassured.internal.RequestSpecificationImpl.invokeMethod(RequestSpecificationImpl.groovy) ~[rest-assured-5.3.2.jar:?]
	at org.codehaus.groovy.runtime.callsite.PogoInterceptableSite.call(PogoInterceptableSite.java:46) ~[groovy-4.0.11.jar:4.0.11]
	at org.codehaus.groovy.runtime.callsite.PogoInterceptableSite.callCurrent(PogoInterceptableSite.java:57) ~[groovy-4.0.11.jar:4.0.11]
	at org.codehaus.groovy.runtime.callsite.AbstractCallSite.callCurrent(AbstractCallSite.java:203) ~[groovy-4.0.11.jar:4.0.11]
	at io.restassured.internal.RequestSpecificationImpl.get(RequestSpecificationImpl.groovy:172) ~[rest-assured-5.3.2.jar:?]
	at io.restassured.internal.RequestSpecificationImpl.get(RequestSpecificationImpl.groovy) ~[rest-assured-5.3.2.jar:?]
	at com.example.booking.api.ApiClient.getFreeSlots(ApiClient.java:56) ~[test-classes/:?]
	... 15 more
13:06:46.529 [TestNG-test=Coupon Tests - Group B-2] ERROR com.example.booking.tests.BaseTest - 100% coupon test failed: Failed to get free slots
java.lang.RuntimeException: Failed to get free slots
	at com.example.booking.api.ApiClient.getFreeSlots(ApiClient.java:63) ~[test-classes/:?]
	at com.example.booking.tests.E2E_Booking_Test.getAvailableSlot(E2E_Booking_Test.java:300) ~[test-classes/:?]
	at com.example.booking.tests.E2E_Booking_Test.test_100PercentCoupon(E2E_Booking_Test.java:256) ~[test-classes/:?]
	at jdk.internal.reflect.DirectMethodHandleAccessor.invoke(DirectMethodHandleAccessor.java:103) ~[?:?]
	at java.lang.reflect.Method.invoke(Method.java:580) ~[?:?]
	at org.testng.internal.invokers.MethodInvocationHelper.invokeMethod(MethodInvocationHelper.java:139) ~[testng-7.8.0.jar:7.8.0]
	at org.testng.internal.invokers.TestInvoker.invokeMethod(TestInvoker.java:664) ~[testng-7.8.0.jar:7.8.0]
	at org.testng.internal.invokers.TestInvoker.invokeTestMethod(TestInvoker.java:227) ~[testng-7.8.0.jar:7.8.0]
	at org.testng.internal.invokers.MethodRunner.runInSequence(MethodRunner.java:50) ~[testng-7.8.0.jar:7.8.0]
	at org.testng.internal.invokers.TestInvoker$MethodInvocationAgent.invoke(TestInvoker.java:957) ~[testng-7.8.0.jar:7.8.0]
	at org.testng.internal.invokers.TestInvoker.invokeTestMethods(TestInvoker.java:200) ~[testng-7.8.0.jar:7.8.0]
	at org.testng.internal.invokers.TestMethodWorker.invokeTestMethods(TestMethodWorker.java:148) ~[testng-7.8.0.jar:7.8.0]
	at org.testng.internal.invokers.TestMethodWorker.run(TestMethodWorker.java:128) ~[testng-7.8.0.jar:7.8.0]
	at java.util.concurrent.ThreadPoolExecutor.runWorker(ThreadPoolExecutor.java:1144) ~[?:?]
	at java.util.concurrent.ThreadPoolExecutor$Worker.run(ThreadPoolExecutor.java:642) ~[?:?]
	at java.lang.Thread.run(Thread.java:1583) [?:?]
Caused by: java.lang.NullPointerException
	at java.lang.Class.isAssignableFrom(Native Method) ~[?:?]
	at java_lang_Class$isAssignableFrom$0.call(Unknown Source) ~[?:?]
	at org.codehaus.groovy.runtime.callsite.CallSiteArray.defaultCall(CallSiteArray.java:45) ~[groovy-4.0.11.jar:4.0.11]
	at java_lang_Class$isAssignableFrom$0.call(Unknown Source) ~[?:?]
	at io.restassured.internal.RequestSpecificationImpl$_applyPathParamsAndSendRequest_closure34.doCall(RequestSpecificationImpl.groovy:1697) ~[rest-assured-5.3.2.jar:?]
	at jdk.internal.reflect.DirectMethodHandleAccessor.invoke(DirectMethodHandleAccessor.java:103) ~[?:?]
	at java.lang.reflect.Method.invoke(Method.java:580) ~[?:?]
	at org.codehaus.groovy.reflection.CachedMethod.invoke(CachedMethod.java:343) ~[groovy-4.0.11.jar:4.0.11]
	at groovy.lang.MetaMethod.doMethodInvoke(MetaMethod.java:328) ~[groovy-4.0.11.jar:4.0.11]
	at org.codehaus.groovy.runtime.metaclass.ClosureMetaClass.invokeMethod(ClosureMetaClass.java:279) ~[groovy-4.0.11.jar:4.0.11]
	at groovy.lang.MetaClassImpl.invokeMethod(MetaClassImpl.java:1006) ~[groovy-4.0.11.jar:4.0.11]
	at org.codehaus.groovy.runtime.callsite.PogoMetaClassSite.call(PogoMetaClassSite.java:39) ~[groovy-4.0.11.jar:4.0.11]
	at org.codehaus.groovy.runtime.callsite.BooleanReturningMethodInvoker.invoke(BooleanReturningMethodInvoker.java:49) ~[groovy-4.0.11.jar:4.0.11]
	at org.codehaus.groovy.runtime.callsite.BooleanClosureWrapper.call(BooleanClosureWrapper.java:52) ~[groovy-4.0.11.jar:4.0.11]
	at org.codehaus.groovy.runtime.DefaultGroovyMethods.any(DefaultGroovyMethods.java:2718) ~[groovy-4.0.11.jar:4.0.11]
	at org.codehaus.groovy.runtime.DefaultGroovyMethods.any(DefaultGroovyMethods.java:2737) ~[groovy-4.0.11.jar:4.0.11]
	at org.codehaus.groovy.runtime.dgm$14.invoke(Unknown Source) ~[groovy-4.0.11.jar:4.0.11]
	at org.codehaus.groovy.runtime.callsite.PojoMetaMethodSite$PojoMetaMethodSiteNoUnwrapNoCoerce.invoke(PojoMetaMethodSite.java:253) ~[groovy-4.0.11.jar:4.0.11]
	at org.codehaus.groovy.runtime.callsite.PojoMetaMethodSite.call(PojoMetaMethodSite.java:57) ~[groovy-4.0.11.jar:4.0.11]
	at org.codehaus.groovy.runtime.callsite.AbstractCallSite.call(AbstractCallSite.java:139) ~[groovy-4.0.11.jar:4.0.11]
	at io.restassured.internal.RequestSpecificationImpl.applyPathParamsAndSendRequest(RequestSpecificationImpl.groovy:1697) ~[rest-assured-5.3.2.jar:?]
	at io.restassured.internal.RequestSpecificationImpl.this$2$applyPathParamsAndSendRequest(RequestSpecificationImpl.groovy) ~[rest-assured-5.3.2.jar:?]
	at jdk.internal.reflect.DirectMethodHandleAccessor.invoke(DirectMethodHandleAccessor.java:103) ~[?:?]
	at java.lang.reflect.Method.invoke(Method.java:580) ~[?:?]
	at org.codehaus.groovy.reflection.CachedMethod.invoke(CachedMethod.java:343) ~[groovy-4.0.11.jar:4.0.11]
	at groovy.lang.MetaMethod.doMethodInvoke(MetaMethod.java:328) ~[groovy-4.0.11.jar:4.0.11]
	at groovy.lang.MetaClassImpl.doInvokeMethod(MetaClassImpl.java:1331) ~[groovy-4.0.11.jar:4.0.11]
	at groovy.lang.MetaClassImpl.invokeMethod(MetaClassImpl.java:1086) ~[groovy-4.0.11.jar:4.0.11]
	at groovy.lang.MetaClassImpl.invokeMethod(MetaClassImpl.java:1006) ~[groovy-4.0.11.jar:4.0.11]
	at groovy.lang.MetaClassImpl.invokeMethod(MetaClassImpl.java:789) ~[groovy-4.0.11.jar:4.0.11]
	at io.restassured.internal.RequestSpecificationImpl.invokeMethod(RequestSpecificationImpl.groovy) ~[rest-assured-5.3.2.jar:?]
	at org.codehaus.groovy.runtime.callsite.PogoInterceptableSite.call(PogoInterceptableSite.java:46) ~[groovy-4.0.11.jar:4.0.11]
	at org.codehaus.groovy.runtime.callsite.PogoInterceptableSite.callCurrent(PogoInterceptableSite.java:57) ~[groovy-4.0.11.jar:4.0.11]
	at org.codehaus.groovy.runtime.callsite.AbstractCallSite.callCurrent(AbstractCallSite.java:203) ~[groovy-4.0.11.jar:4.0.11]
	at io.restassured.internal.RequestSpecificationImpl.applyPathParamsAndSendRequest(RequestSpecificationImpl.groovy:1710) ~[rest-assured-5.3.2.jar:?]
	at io.restassured.internal.RequestSpecificationImpl.this$2$applyPathParamsAndSendRequest(RequestSpecificationImpl.groovy) ~[rest-assured-5.3.2.jar:?]
	at jdk.internal.reflect.DirectMethodHandleAccessor.invoke(DirectMethodHandleAccessor.java:103) ~[?:?]
	at java.lang.reflect.Method.invoke(Method.java:580) ~[?:?]
	at org.codehaus.groovy.reflection.CachedMethod.invoke(CachedMethod.java:343) ~[groovy-4.0.11.jar:4.0.11]
	at groovy.lang.MetaMethod.doMethodInvoke(MetaMethod.java:328) ~[groovy-4.0.11.jar:4.0.11]
	at groovy.lang.MetaClassImpl.doInvokeMethod(MetaClassImpl.java:1331) ~[groovy-4.0.11.jar:4.0.11]
	at groovy.lang.MetaClassImpl.invokeMethod(MetaClassImpl.java:1086) ~[groovy-4.0.11.jar:4.0.11]
	at groovy.lang.MetaClassImpl.invokeMethod(MetaClassImpl.java:1006) ~[groovy-4.0.11.jar:4.0.11]
	at groovy.lang.MetaClassImpl.invokeMethod(MetaClassImpl.java:789) ~[groovy-4.0.11.jar:4.0.11]
	at io.restassured.internal.RequestSpecificationImpl.invokeMethod(RequestSpecificationImpl.groovy) ~[rest-assured-5.3.2.jar:?]
	at org.codehaus.groovy.runtime.callsite.PogoInterceptableSite.call(PogoInterceptableSite.java:46) ~[groovy-4.0.11.jar:4.0.11]
	at org.codehaus.groovy.runtime.callsite.PogoInterceptableSite.callCurrent(PogoInterceptableSite.java:57) ~[groovy-4.0.11.jar:4.0.11]
	at org.codehaus.groovy.runtime.callsite.AbstractCallSite.callCurrent(AbstractCallSite.java:203) ~[groovy-4.0.11.jar:4.0.11]
	at io.restassured.internal.RequestSpecificationImpl.get(RequestSpecificationImpl.groovy:172) ~[rest-assured-5.3.2.jar:?]
	at io.restassured.internal.RequestSpecificationImpl.get(RequestSpecificationImpl.groovy) ~[rest-assured-5.3.2.jar:?]
	at com.example.booking.api.ApiClient.getFreeSlots(ApiClient.java:56) ~[test-classes/:?]
	... 15 more
]]></system-out>
  </testcase>
  <testcase name="test_100PercentCoupon" classname="com.example.booking.tests.E2E_Booking_Test" time="0.018">
    <failure message="Test failed: Failed to get free slots" type="java.lang.AssertionError"><![CDATA[java.lang.AssertionError: Test failed: Failed to get free slots
	at org.testng.Assert.fail(Assert.java:111)
	at com.example.booking.tests.E2E_Booking_Test.test_100PercentCoupon(E2E_Booking_Test.java:289)
	at java.base/jdk.internal.reflect.DirectMethodHandleAccessor.invoke(DirectMethodHandleAccessor.java:103)
	at java.base/java.lang.reflect.Method.invoke(Method.java:580)
	at org.testng.internal.invokers.MethodInvocationHelper.invokeMethod(MethodInvocationHelper.java:139)
	at org.testng.internal.invokers.TestInvoker.invokeMethod(TestInvoker.java:664)
	at org.testng.internal.invokers.TestInvoker.invokeTestMethod(TestInvoker.java:227)
	at org.testng.internal.invokers.MethodRunner.runInSequence(MethodRunner.java:50)
	at org.testng.internal.invokers.TestInvoker$MethodInvocationAgent.invoke(TestInvoker.java:957)
	at org.testng.internal.invokers.TestInvoker.invokeTestMethods(TestInvoker.java:200)
	at org.testng.internal.invokers.TestMethodWorker.invokeTestMethods(TestMethodWorker.java:148)
	at org.testng.internal.invokers.TestMethodWorker.run(TestMethodWorker.java:128)
	at java.base/java.util.concurrent.ThreadPoolExecutor.runWorker(ThreadPoolExecutor.java:1144)
	at java.base/java.util.concurrent.ThreadPoolExecutor$Worker.run(ThreadPoolExecutor.java:642)
	at java.base/java.lang.Thread.run(Thread.java:1583)
]]></failure>
  </testcase>
</testsuite>