<?xml version="1.0" encoding="UTF-8"?>
<!-- Generated by org.testng.reporters.JUnitReportReporter -->
<testsuite hostname="f7a914b3fb6f" failures="0" tests="5" name="com.example.booking.tests.E2E_Booking_Test" time="0.010" errors="0" timestamp="2025-07-15T12:54:31 GMT" skipped="0">
  <testcase classname="com.example.booking.tests.E2E_Booking_Test" name="testCompleteBookingWithFawry" time="0.002"/>
  <testcase classname="com.example.booking.tests.E2E_Booking_Test" name="testCompleteBookingWithPaymob" time="0.001"/>
  <testcase classname="com.example.booking.tests.E2E_Booking_Test" name="testBookingModification" time="0.003"/>
  <testcase classname="com.example.booking.tests.E2E_Booking_Test" name="testBookingCancellation" time="0.003"/>
  <testcase classname="com.example.booking.tests.E2E_Booking_Test" name="testCompleteBookingWithStripe" time="0.001"/>
</testsuite> <!-- com.example.booking.tests.E2E_Booking_Test -->
